
[2024-11-11 05:31:22] local.INFO: ***************************************************  
[2024-11-11 05:31:22] local.ERROR: 0  
[2024-11-11 05:31:22] local.ERROR: 74  
[2024-11-11 05:31:22] local.ERROR: Undefined property: App\Services\InvoiceService::$id  
[2024-11-11 05:31:22] local.INFO: ***************************************************  
[2024-11-11 05:31:31] local.INFO: ***************************************************  
[2024-11-11 05:31:31] local.ERROR: 0  
[2024-11-11 05:31:31] local.ERROR: 74  
[2024-11-11 05:31:31] local.ERROR: Undefined property: App\Services\InvoiceService::$id  
[2024-11-11 05:31:31] local.INFO: ***************************************************  
[2024-11-11 05:33:24] local.ERROR: Object of class App\Services\InvoiceService could not be converted to string {"exception":"[object] (Error(code: 0): Object of class App\\Services\\InvoiceService could not be converted to string at /home/tigassefred/Bureau/sources/iaCargo/caisse/ia-caisse-backend/vendor/laravel/framework/src/Illuminate/Log/Logger.php:266)
[stacktrace]
#0 /home/tigassefred/Bureau/sources/iaCargo/caisse/ia-caisse-backend/vendor/laravel/framework/src/Illuminate/Log/Logger.php(185): Illuminate\\Log\\Logger->formatMessage()
#1 /home/tigassefred/Bureau/sources/iaCargo/caisse/ia-caisse-backend/vendor/laravel/framework/src/Illuminate/Log/Logger.php(133): Illuminate\\Log\\Logger->writeLog()
#2 /home/tigassefred/Bureau/sources/iaCargo/caisse/ia-caisse-backend/vendor/laravel/framework/src/Illuminate/Log/LogManager.php(741): Illuminate\\Log\\Logger->info()
#3 /home/tigassefred/Bureau/sources/iaCargo/caisse/ia-caisse-backend/vendor/laravel/framework/src/Illuminate/Support/Facades/Facade.php(358): Illuminate\\Log\\LogManager->info()
#4 /home/tigassefred/Bureau/sources/iaCargo/caisse/ia-caisse-backend/app/Http/Controllers/InvoiceController.php(65): Illuminate\\Support\\Facades\\Facade::__callStatic()
#5 /home/tigassefred/Bureau/sources/iaCargo/caisse/ia-caisse-backend/vendor/laravel/framework/src/Illuminate/Routing/ControllerDispatcher.php(46): App\\Http\\Controllers\\InvoiceController->store()
#6 /home/tigassefred/Bureau/sources/iaCargo/caisse/ia-caisse-backend/vendor/laravel/framework/src/Illuminate/Routing/Route.php(264): Illuminate\\Routing\\ControllerDispatcher->dispatch()
#7 /home/tigassefred/Bureau/sources/iaCargo/caisse/ia-caisse-backend/vendor/laravel/framework/src/Illuminate/Routing/Route.php(210): Illuminate\\Routing\\Route->runController()
#8 /home/tigassefred/Bureau/sources/iaCargo/caisse/ia-caisse-backend/vendor/laravel/framework/src/Illuminate/Routing/Router.php(808): Illuminate\\Routing\\Route->run()
#9 /home/tigassefred/Bureau/sources/iaCargo/caisse/ia-caisse-backend/vendor/laravel/framework/src/Illuminate/Pipeline/Pipeline.php(144): Illuminate\\Routing\\Router->Illuminate\\Routing\\{closure}()
#10 /home/tigassefred/Bureau/sources/iaCargo/caisse/ia-caisse-backend/vendor/laravel/framework/src/Illuminate/Routing/Middleware/SubstituteBindings.php(51): Illuminate\\Pipeline\\Pipeline->Illuminate\\Pipeline\\{closure}()
#11 /home/tigassefred/Bureau/sources/iaCargo/caisse/ia-caisse-backend/vendor/laravel/framework/src/Illuminate/Pipeline/Pipeline.php(183): Illuminate\\Routing\\Middleware\\SubstituteBindings->handle()
#12 /home/tigassefred/Bureau/sources/iaCargo/caisse/ia-caisse-backend/vendor/laravel/framework/src/Illuminate/Pipeline/Pipeline.php(119): Illuminate\\Pipeline\\Pipeline->Illuminate\\Pipeline\\{closure}()
#13 /home/tigassefred/Bureau/sources/iaCargo/caisse/ia-caisse-backend/vendor/laravel/framework/src/Illuminate/Routing/Router.php(807): Illuminate\\Pipeline\\Pipeline->then()
#14 /home/tigassefred/Bureau/sources/iaCargo/caisse/ia-caisse-backend/vendor/laravel/framework/src/Illuminate/Routing/Router.php(786): Illuminate\\Routing\\Router->runRouteWithinStack()
#15 /home/tigassefred/Bureau/sources/iaCargo/caisse/ia-caisse-backend/vendor/laravel/framework/src/Illuminate/Routing/Router.php(750): Illuminate\\Routing\\Router->runRoute()
#16 /home/tigassefred/Bureau/sources/iaCargo/caisse/ia-caisse-backend/vendor/laravel/framework/src/Illuminate/Routing/Router.php(739): Illuminate\\Routing\\Router->dispatchToRoute()
#17 /home/tigassefred/Bureau/sources/iaCargo/caisse/ia-caisse-backend/vendor/laravel/framework/src/Illuminate/Foundation/Http/Kernel.php(201): Illuminate\\Routing\\Router->dispatch()
#18 /home/tigassefred/Bureau/sources/iaCargo/caisse/ia-caisse-backend/vendor/laravel/framework/src/Illuminate/Pipeline/Pipeline.php(144): Illuminate\\Foundation\\Http\\Kernel->Illuminate\\Foundation\\Http\\{closure}()
#19 /home/tigassefred/Bureau/sources/iaCargo/caisse/ia-caisse-backend/vendor/laravel/framework/src/Illuminate/Foundation/Http/Middleware/TransformsRequest.php(21): Illuminate\\Pipeline\\Pipeline->Illuminate\\Pipeline\\{closure}()
#20 /home/tigassefred/Bureau/sources/iaCargo/caisse/ia-caisse-backend/vendor/laravel/framework/src/Illuminate/Foundation/Http/Middleware/ConvertEmptyStringsToNull.php(31): Illuminate\\Foundation\\Http\\Middleware\\TransformsRequest->handle()
#21 /home/tigassefred/Bureau/sources/iaCargo/caisse/ia-caisse-backend/vendor/laravel/framework/src/Illuminate/Pipeline/Pipeline.php(183): Illuminate\\Foundation\\Http\\Middleware\\ConvertEmptyStringsToNull->handle()
#22 /home/tigassefred/Bureau/sources/iaCargo/caisse/ia-caisse-backend/vendor/laravel/framework/src/Illuminate/Foundation/Http/Middleware/TransformsRequest.php(21): Illuminate\\Pipeline\\Pipeline->Illuminate\\Pipeline\\{closure}()
#23 /home/tigassefred/Bureau/sources/iaCargo/caisse/ia-caisse-backend/vendor/laravel/framework/src/Illuminate/Foundation/Http/Middleware/TrimStrings.php(51): Illuminate\\Foundation\\Http\\Middleware\\TransformsRequest->handle()
#24 /home/tigassefred/Bureau/sources/iaCargo/caisse/ia-caisse-backend/vendor/laravel/framework/src/Illuminate/Pipeline/Pipeline.php(183): Illuminate\\Foundation\\Http\\Middleware\\TrimStrings->handle()
#25 /home/tigassefred/Bureau/sources/iaCargo/caisse/ia-caisse-backend/vendor/laravel/framework/src/Illuminate/Http/Middleware/ValidatePostSize.php(27): Illuminate\\Pipeline\\Pipeline->Illuminate\\Pipeline\\{closure}()
#26 /home/tigassefred/Bureau/sources/iaCargo/caisse/ia-caisse-backend/vendor/laravel/framework/src/Illuminate/Pipeline/Pipeline.php(183): Illuminate\\Http\\Middleware\\ValidatePostSize->handle()
#27 /home/tigassefred/Bureau/sources/iaCargo/caisse/ia-caisse-backend/vendor/laravel/framework/src/Illuminate/Foundation/Http/Middleware/PreventRequestsDuringMaintenance.php(110): Illuminate\\Pipeline\\Pipeline->Illuminate\\Pipeline\\{closure}()
#28 /home/tigassefred/Bureau/sources/iaCargo/caisse/ia-caisse-backend/vendor/laravel/framework/src/Illuminate/Pipeline/Pipeline.php(183): Illuminate\\Foundation\\Http\\Middleware\\PreventRequestsDuringMaintenance->handle()
#29 /home/tigassefred/Bureau/sources/iaCargo/caisse/ia-caisse-backend/vendor/laravel/framework/src/Illuminate/Http/Middleware/HandleCors.php(62): Illuminate\\Pipeline\\Pipeline->Illuminate\\Pipeline\\{closure}()
#30 /home/tigassefred/Bureau/sources/iaCargo/caisse/ia-caisse-backend/vendor/laravel/framework/src/Illuminate/Pipeline/Pipeline.php(183): Illuminate\\Http\\Middleware\\HandleCors->handle()
#31 /home/tigassefred/Bureau/sources/iaCargo/caisse/ia-caisse-backend/vendor/laravel/framework/src/Illuminate/Http/Middleware/TrustProxies.php(58): Illuminate\\Pipeline\\Pipeline->Illuminate\\Pipeline\\{closure}()
#32 /home/tigassefred/Bureau/sources/iaCargo/caisse/ia-caisse-backend/vendor/laravel/framework/src/Illuminate/Pipeline/Pipeline.php(183): Illuminate\\Http\\Middleware\\TrustProxies->handle()
#33 /home/tigassefred/Bureau/sources/iaCargo/caisse/ia-caisse-backend/vendor/laravel/framework/src/Illuminate/Foundation/Http/Middleware/InvokeDeferredCallbacks.php(22): Illuminate\\Pipeline\\Pipeline->Illuminate\\Pipeline\\{closure}()
#34 /home/tigassefred/Bureau/sources/iaCargo/caisse/ia-caisse-backend/vendor/laravel/framework/src/Illuminate/Pipeline/Pipeline.php(183): Illuminate\\Foundation\\Http\\Middleware\\InvokeDeferredCallbacks->handle()
#35 /home/tigassefred/Bureau/sources/iaCargo/caisse/ia-caisse-backend/vendor/laravel/framework/src/Illuminate/Pipeline/Pipeline.php(119): Illuminate\\Pipeline\\Pipeline->Illuminate\\Pipeline\\{closure}()
#36 /home/tigassefred/Bureau/sources/iaCargo/caisse/ia-caisse-backend/vendor/laravel/framework/src/Illuminate/Foundation/Http/Kernel.php(176): Illuminate\\Pipeline\\Pipeline->then()
#37 /home/tigassefred/Bureau/sources/iaCargo/caisse/ia-caisse-backend/vendor/laravel/framework/src/Illuminate/Foundation/Http/Kernel.php(145): Illuminate\\Foundation\\Http\\Kernel->sendRequestThroughRouter()
#38 /home/tigassefred/Bureau/sources/iaCargo/caisse/ia-caisse-backend/vendor/laravel/framework/src/Illuminate/Foundation/Application.php(1188): Illuminate\\Foundation\\Http\\Kernel->handle()
#39 /home/tigassefred/Bureau/sources/iaCargo/caisse/ia-caisse-backend/public/index.php(17): Illuminate\\Foundation\\Application->handleRequest()
#40 /home/tigassefred/Bureau/sources/iaCargo/caisse/ia-caisse-backend/vendor/laravel/framework/src/Illuminate/Foundation/resources/server.php(23): require_once('...')
#41 {main}
"} 
[2024-11-11 05:33:45] local.INFO: {}  
[2024-11-11 05:33:45] local.INFO: ***************************************************  
[2024-11-11 05:33:45] local.ERROR: 0  
[2024-11-11 05:33:45] local.ERROR: 75  
[2024-11-11 05:33:45] local.ERROR: Undefined property: App\Services\InvoiceService::$id  
[2024-11-11 05:33:45] local.INFO: ***************************************************  
[2024-11-11 05:37:00] local.INFO: {}  
[2024-11-11 05:37:00] local.ERROR: SQLSTATE[HY000]: General error: 1364 Field 'id' doesn't have a default value (Connection: mysql, SQL: insert into `payments` (`user_id`, `amount`, `cash_in`, `reliquat`, `comment`, `invoice_id`, `updated_at`, `created_at`) values (9d75fa83-00f3-4bcc-96cd-bd41f0055845, 340000, 1, 0, ?, 9d760c89-27f6-447b-811a-baf3c4fbeebb, 2024-11-11 05:37:00, 2024-11-11 05:37:00))  
[2024-11-11 05:37:00] local.INFO: ***************************************************  
[2024-11-11 05:37:00] local.ERROR: 0  
[2024-11-11 05:37:00] local.ERROR: 20  
[2024-11-11 05:37:00] local.ERROR: Error saving payment  
[2024-11-11 05:37:00] local.INFO: ***************************************************  
[2024-11-11 05:37:53] local.INFO: {}  
[2024-11-11 05:57:13] local.ERROR: syntax error, unexpected single-quoted string "commercial", expecting "]" {"exception":"[object] (ParseError(code: 0): syntax error, unexpected single-quoted string \"commercial\", expecting \"]\" at /home/tigassefred/Bureau/sources/iaCargo/caisse/ia-caisse-backend/app/Http/Resources/PayementResource.php:23)
[stacktrace]
#0 /home/tigassefred/Bureau/sources/iaCargo/caisse/ia-caisse-backend/vendor/composer/ClassLoader.php(427): Composer\\Autoload\\{closure}()
#1 /home/tigassefred/Bureau/sources/iaCargo/caisse/ia-caisse-backend/app/Http/Controllers/InvoiceController.php(32): Composer\\Autoload\\ClassLoader->loadClass()
#2 /home/tigassefred/Bureau/sources/iaCargo/caisse/ia-caisse-backend/vendor/laravel/framework/src/Illuminate/Routing/ControllerDispatcher.php(46): App\\Http\\Controllers\\InvoiceController->index()
#3 /home/tigassefred/Bureau/sources/iaCargo/caisse/ia-caisse-backend/vendor/laravel/framework/src/Illuminate/Routing/Route.php(264): Illuminate\\Routing\\ControllerDispatcher->dispatch()
#4 /home/tigassefred/Bureau/sources/iaCargo/caisse/ia-caisse-backend/vendor/laravel/framework/src/Illuminate/Routing/Route.php(210): Illuminate\\Routing\\Route->runController()
#5 /home/tigassefred/Bureau/sources/iaCargo/caisse/ia-caisse-backend/vendor/laravel/framework/src/Illuminate/Routing/Router.php(808): Illuminate\\Routing\\Route->run()
#6 /home/tigassefred/Bureau/sources/iaCargo/caisse/ia-caisse-backend/vendor/laravel/framework/src/Illuminate/Pipeline/Pipeline.php(144): Illuminate\\Routing\\Router->Illuminate\\Routing\\{closure}()
#7 /home/tigassefred/Bureau/sources/iaCargo/caisse/ia-caisse-backend/vendor/laravel/framework/src/Illuminate/Routing/Middleware/SubstituteBindings.php(51): Illuminate\\Pipeline\\Pipeline->Illuminate\\Pipeline\\{closure}()
#8 /home/tigassefred/Bureau/sources/iaCargo/caisse/ia-caisse-backend/vendor/laravel/framework/src/Illuminate/Pipeline/Pipeline.php(183): Illuminate\\Routing\\Middleware\\SubstituteBindings->handle()
#9 /home/tigassefred/Bureau/sources/iaCargo/caisse/ia-caisse-backend/vendor/laravel/framework/src/Illuminate/Pipeline/Pipeline.php(119): Illuminate\\Pipeline\\Pipeline->Illuminate\\Pipeline\\{closure}()
#10 /home/tigassefred/Bureau/sources/iaCargo/caisse/ia-caisse-backend/vendor/laravel/framework/src/Illuminate/Routing/Router.php(807): Illuminate\\Pipeline\\Pipeline->then()
#11 /home/tigassefred/Bureau/sources/iaCargo/caisse/ia-caisse-backend/vendor/laravel/framework/src/Illuminate/Routing/Router.php(786): Illuminate\\Routing\\Router->runRouteWithinStack()
#12 /home/tigassefred/Bureau/sources/iaCargo/caisse/ia-caisse-backend/vendor/laravel/framework/src/Illuminate/Routing/Router.php(750): Illuminate\\Routing\\Router->runRoute()
#13 /home/tigassefred/Bureau/sources/iaCargo/caisse/ia-caisse-backend/vendor/laravel/framework/src/Illuminate/Routing/Router.php(739): Illuminate\\Routing\\Router->dispatchToRoute()
#14 /home/tigassefred/Bureau/sources/iaCargo/caisse/ia-caisse-backend/vendor/laravel/framework/src/Illuminate/Foundation/Http/Kernel.php(201): Illuminate\\Routing\\Router->dispatch()
#15 /home/tigassefred/Bureau/sources/iaCargo/caisse/ia-caisse-backend/vendor/laravel/framework/src/Illuminate/Pipeline/Pipeline.php(144): Illuminate\\Foundation\\Http\\Kernel->Illuminate\\Foundation\\Http\\{closure}()
#16 /home/tigassefred/Bureau/sources/iaCargo/caisse/ia-caisse-backend/vendor/laravel/framework/src/Illuminate/Foundation/Http/Middleware/TransformsRequest.php(21): Illuminate\\Pipeline\\Pipeline->Illuminate\\Pipeline\\{closure}()
#17 /home/tigassefred/Bureau/sources/iaCargo/caisse/ia-caisse-backend/vendor/laravel/framework/src/Illuminate/Foundation/Http/Middleware/ConvertEmptyStringsToNull.php(31): Illuminate\\Foundation\\Http\\Middleware\\TransformsRequest->handle()
#18 /home/tigassefred/Bureau/sources/iaCargo/caisse/ia-caisse-backend/vendor/laravel/framework/src/Illuminate/Pipeline/Pipeline.php(183): Illuminate\\Foundation\\Http\\Middleware\\ConvertEmptyStringsToNull->handle()
#19 /home/tigassefred/Bureau/sources/iaCargo/caisse/ia-caisse-backend/vendor/laravel/framework/src/Illuminate/Foundation/Http/Middleware/TransformsRequest.php(21): Illuminate\\Pipeline\\Pipeline->Illuminate\\Pipeline\\{closure}()
#20 /home/tigassefred/Bureau/sources/iaCargo/caisse/ia-caisse-backend/vendor/laravel/framework/src/Illuminate/Foundation/Http/Middleware/TrimStrings.php(51): Illuminate\\Foundation\\Http\\Middleware\\TransformsRequest->handle()
#21 /home/tigassefred/Bureau/sources/iaCargo/caisse/ia-caisse-backend/vendor/laravel/framework/src/Illuminate/Pipeline/Pipeline.php(183): Illuminate\\Foundation\\Http\\Middleware\\TrimStrings->handle()
#22 /home/tigassefred/Bureau/sources/iaCargo/caisse/ia-caisse-backend/vendor/laravel/framework/src/Illuminate/Http/Middleware/ValidatePostSize.php(27): Illuminate\\Pipeline\\Pipeline->Illuminate\\Pipeline\\{closure}()
#23 /home/tigassefred/Bureau/sources/iaCargo/caisse/ia-caisse-backend/vendor/laravel/framework/src/Illuminate/Pipeline/Pipeline.php(183): Illuminate\\Http\\Middleware\\ValidatePostSize->handle()
#24 /home/tigassefred/Bureau/sources/iaCargo/caisse/ia-caisse-backend/vendor/laravel/framework/src/Illuminate/Foundation/Http/Middleware/PreventRequestsDuringMaintenance.php(110): Illuminate\\Pipeline\\Pipeline->Illuminate\\Pipeline\\{closure}()
#25 /home/tigassefred/Bureau/sources/iaCargo/caisse/ia-caisse-backend/vendor/laravel/framework/src/Illuminate/Pipeline/Pipeline.php(183): Illuminate\\Foundation\\Http\\Middleware\\PreventRequestsDuringMaintenance->handle()
#26 /home/tigassefred/Bureau/sources/iaCargo/caisse/ia-caisse-backend/vendor/laravel/framework/src/Illuminate/Http/Middleware/HandleCors.php(62): Illuminate\\Pipeline\\Pipeline->Illuminate\\Pipeline\\{closure}()
#27 /home/tigassefred/Bureau/sources/iaCargo/caisse/ia-caisse-backend/vendor/laravel/framework/src/Illuminate/Pipeline/Pipeline.php(183): Illuminate\\Http\\Middleware\\HandleCors->handle()
#28 /home/tigassefred/Bureau/sources/iaCargo/caisse/ia-caisse-backend/vendor/laravel/framework/src/Illuminate/Http/Middleware/TrustProxies.php(58): Illuminate\\Pipeline\\Pipeline->Illuminate\\Pipeline\\{closure}()
#29 /home/tigassefred/Bureau/sources/iaCargo/caisse/ia-caisse-backend/vendor/laravel/framework/src/Illuminate/Pipeline/Pipeline.php(183): Illuminate\\Http\\Middleware\\TrustProxies->handle()
#30 /home/tigassefred/Bureau/sources/iaCargo/caisse/ia-caisse-backend/vendor/laravel/framework/src/Illuminate/Foundation/Http/Middleware/InvokeDeferredCallbacks.php(22): Illuminate\\Pipeline\\Pipeline->Illuminate\\Pipeline\\{closure}()
#31 /home/tigassefred/Bureau/sources/iaCargo/caisse/ia-caisse-backend/vendor/laravel/framework/src/Illuminate/Pipeline/Pipeline.php(183): Illuminate\\Foundation\\Http\\Middleware\\InvokeDeferredCallbacks->handle()
#32 /home/tigassefred/Bureau/sources/iaCargo/caisse/ia-caisse-backend/vendor/laravel/framework/src/Illuminate/Pipeline/Pipeline.php(119): Illuminate\\Pipeline\\Pipeline->Illuminate\\Pipeline\\{closure}()
#33 /home/tigassefred/Bureau/sources/iaCargo/caisse/ia-caisse-backend/vendor/laravel/framework/src/Illuminate/Foundation/Http/Kernel.php(176): Illuminate\\Pipeline\\Pipeline->then()
#34 /home/tigassefred/Bureau/sources/iaCargo/caisse/ia-caisse-backend/vendor/laravel/framework/src/Illuminate/Foundation/Http/Kernel.php(145): Illuminate\\Foundation\\Http\\Kernel->sendRequestThroughRouter()
#35 /home/tigassefred/Bureau/sources/iaCargo/caisse/ia-caisse-backend/vendor/laravel/framework/src/Illuminate/Foundation/Application.php(1188): Illuminate\\Foundation\\Http\\Kernel->handle()
#36 /home/tigassefred/Bureau/sources/iaCargo/caisse/ia-caisse-backend/public/index.php(17): Illuminate\\Foundation\\Application->handleRequest()
#37 /home/tigassefred/Bureau/sources/iaCargo/caisse/ia-caisse-backend/vendor/laravel/framework/src/Illuminate/Foundation/resources/server.php(23): require_once('...')
#38 {main}
"} 
[2024-11-11 05:57:27] local.ERROR: SQLSTATE[42S22]: Column not found: 1054 Unknown column 'commercials.commercial_id' in 'where clause' (Connection: mysql, SQL: select * from `commercials` where `commercials`.`commercial_id` = 9d760cda-0726-481b-a982-48cac8e5bec9 and `commercials`.`commercial_id` is not null limit 1) {"exception":"[object] (Illuminate\\Database\\QueryException(code: 42S22): SQLSTATE[42S22]: Column not found: 1054 Unknown column 'commercials.commercial_id' in 'where clause' (Connection: mysql, SQL: select * from `commercials` where `commercials`.`commercial_id` = 9d760cda-0726-481b-a982-48cac8e5bec9 and `commercials`.`commercial_id` is not null limit 1) at /home/tigassefred/Bureau/sources/iaCargo/caisse/ia-caisse-backend/vendor/laravel/framework/src/Illuminate/Database/Connection.php:825)
[stacktrace]
#0 /home/tigassefred/Bureau/sources/iaCargo/caisse/ia-caisse-backend/vendor/laravel/framework/src/Illuminate/Database/Connection.php(779): Illuminate\\Database\\Connection->runQueryCallback()
#1 /home/tigassefred/Bureau/sources/iaCargo/caisse/ia-caisse-backend/vendor/laravel/framework/src/Illuminate/Database/Connection.php(398): Illuminate\\Database\\Connection->run()
#2 /home/tigassefred/Bureau/sources/iaCargo/caisse/ia-caisse-backend/vendor/laravel/framework/src/Illuminate/Database/Query/Builder.php(3132): Illuminate\\Database\\Connection->select()
#3 /home/tigassefred/Bureau/sources/iaCargo/caisse/ia-caisse-backend/vendor/laravel/framework/src/Illuminate/Database/Query/Builder.php(3117): Illuminate\\Database\\Query\\Builder->runSelect()
#4 /home/tigassefred/Bureau/sources/iaCargo/caisse/ia-caisse-backend/vendor/laravel/framework/src/Illuminate/Database/Query/Builder.php(3705): Illuminate\\Database\\Query\\Builder->Illuminate\\Database\\Query\\{closure}()
#5 /home/tigassefred/Bureau/sources/iaCargo/caisse/ia-caisse-backend/vendor/laravel/framework/src/Illuminate/Database/Query/Builder.php(3116): Illuminate\\Database\\Query\\Builder->onceWithColumns()
#6 /home/tigassefred/Bureau/sources/iaCargo/caisse/ia-caisse-backend/vendor/laravel/framework/src/Illuminate/Database/Eloquent/Builder.php(759): Illuminate\\Database\\Query\\Builder->get()
#7 /home/tigassefred/Bureau/sources/iaCargo/caisse/ia-caisse-backend/vendor/laravel/framework/src/Illuminate/Database/Eloquent/Builder.php(741): Illuminate\\Database\\Eloquent\\Builder->getModels()
#8 /home/tigassefred/Bureau/sources/iaCargo/caisse/ia-caisse-backend/vendor/laravel/framework/src/Illuminate/Database/Concerns/BuildsQueries.php(344): Illuminate\\Database\\Eloquent\\Builder->get()
#9 /home/tigassefred/Bureau/sources/iaCargo/caisse/ia-caisse-backend/vendor/laravel/framework/src/Illuminate/Database/Eloquent/Relations/HasOne.php(31): Illuminate\\Database\\Eloquent\\Builder->first()
#10 /home/tigassefred/Bureau/sources/iaCargo/caisse/ia-caisse-backend/vendor/laravel/framework/src/Illuminate/Database/Eloquent/Concerns/HasAttributes.php(621): Illuminate\\Database\\Eloquent\\Relations\\HasOne->getResults()
#11 /home/tigassefred/Bureau/sources/iaCargo/caisse/ia-caisse-backend/vendor/laravel/framework/src/Illuminate/Database/Eloquent/Concerns/HasAttributes.php(559): Illuminate\\Database\\Eloquent\\Model->getRelationshipFromMethod()
#12 /home/tigassefred/Bureau/sources/iaCargo/caisse/ia-caisse-backend/vendor/laravel/framework/src/Illuminate/Database/Eloquent/Concerns/HasAttributes.php(484): Illuminate\\Database\\Eloquent\\Model->getRelationValue()
#13 /home/tigassefred/Bureau/sources/iaCargo/caisse/ia-caisse-backend/vendor/laravel/framework/src/Illuminate/Database/Eloquent/Model.php(2259): Illuminate\\Database\\Eloquent\\Model->getAttribute()
#14 /home/tigassefred/Bureau/sources/iaCargo/caisse/ia-caisse-backend/app/Http/Resources/PayementResource.php(23): Illuminate\\Database\\Eloquent\\Model->__get()
#15 /home/tigassefred/Bureau/sources/iaCargo/caisse/ia-caisse-backend/vendor/laravel/framework/src/Illuminate/Collections/HigherOrderCollectionProxy.php(65): App\\Http\\Resources\\PayementResource->toArray()
#16 [internal function]: Illuminate\\Support\\HigherOrderCollectionProxy->Illuminate\\Support\\{closure}()
#17 /home/tigassefred/Bureau/sources/iaCargo/caisse/ia-caisse-backend/vendor/laravel/framework/src/Illuminate/Collections/Arr.php(605): array_map()
#18 /home/tigassefred/Bureau/sources/iaCargo/caisse/ia-caisse-backend/vendor/laravel/framework/src/Illuminate/Collections/Collection.php(791): Illuminate\\Support\\Arr::map()
#19 /home/tigassefred/Bureau/sources/iaCargo/caisse/ia-caisse-backend/vendor/laravel/framework/src/Illuminate/Collections/HigherOrderCollectionProxy.php(64): Illuminate\\Support\\Collection->map()
#20 /home/tigassefred/Bureau/sources/iaCargo/caisse/ia-caisse-backend/vendor/laravel/framework/src/Illuminate/Http/Resources/Json/ResourceCollection.php(102): Illuminate\\Support\\HigherOrderCollectionProxy->__call()
#21 /home/tigassefred/Bureau/sources/iaCargo/caisse/ia-caisse-backend/vendor/laravel/framework/src/Illuminate/Http/Resources/Json/JsonResource.php(108): Illuminate\\Http\\Resources\\Json\\ResourceCollection->toArray()
#22 /home/tigassefred/Bureau/sources/iaCargo/caisse/ia-caisse-backend/vendor/laravel/framework/src/Illuminate/Http/Resources/Json/ResourceResponse.php(39): Illuminate\\Http\\Resources\\Json\\JsonResource->resolve()
#23 /home/tigassefred/Bureau/sources/iaCargo/caisse/ia-caisse-backend/vendor/laravel/framework/src/Illuminate/Http/Resources/Json/JsonResource.php(245): Illuminate\\Http\\Resources\\Json\\ResourceResponse->toResponse()
#24 /home/tigassefred/Bureau/sources/iaCargo/caisse/ia-caisse-backend/vendor/laravel/framework/src/Illuminate/Http/Resources/Json/ResourceCollection.php(117): Illuminate\\Http\\Resources\\Json\\JsonResource->toResponse()
#25 /home/tigassefred/Bureau/sources/iaCargo/caisse/ia-caisse-backend/vendor/laravel/framework/src/Illuminate/Routing/Router.php(902): Illuminate\\Http\\Resources\\Json\\ResourceCollection->toResponse()
#26 /home/tigassefred/Bureau/sources/iaCargo/caisse/ia-caisse-backend/vendor/laravel/framework/src/Illuminate/Routing/Router.php(887): Illuminate\\Routing\\Router::toResponse()
#27 /home/tigassefred/Bureau/sources/iaCargo/caisse/ia-caisse-backend/vendor/laravel/framework/src/Illuminate/Routing/Router.php(807): Illuminate\\Routing\\Router->prepareResponse()
#28 /home/tigassefred/Bureau/sources/iaCargo/caisse/ia-caisse-backend/vendor/laravel/framework/src/Illuminate/Pipeline/Pipeline.php(144): Illuminate\\Routing\\Router->Illuminate\\Routing\\{closure}()
#29 /home/tigassefred/Bureau/sources/iaCargo/caisse/ia-caisse-backend/vendor/laravel/framework/src/Illuminate/Routing/Middleware/SubstituteBindings.php(51): Illuminate\\Pipeline\\Pipeline->Illuminate\\Pipeline\\{closure}()
#30 /home/tigassefred/Bureau/sources/iaCargo/caisse/ia-caisse-backend/vendor/laravel/framework/src/Illuminate/Pipeline/Pipeline.php(183): Illuminate\\Routing\\Middleware\\SubstituteBindings->handle()
#31 /home/tigassefred/Bureau/sources/iaCargo/caisse/ia-caisse-backend/vendor/laravel/framework/src/Illuminate/Pipeline/Pipeline.php(119): Illuminate\\Pipeline\\Pipeline->Illuminate\\Pipeline\\{closure}()
#32 /home/tigassefred/Bureau/sources/iaCargo/caisse/ia-caisse-backend/vendor/laravel/framework/src/Illuminate/Routing/Router.php(807): Illuminate\\Pipeline\\Pipeline->then()
#33 /home/tigassefred/Bureau/sources/iaCargo/caisse/ia-caisse-backend/vendor/laravel/framework/src/Illuminate/Routing/Router.php(786): Illuminate\\Routing\\Router->runRouteWithinStack()
#34 /home/tigassefred/Bureau/sources/iaCargo/caisse/ia-caisse-backend/vendor/laravel/framework/src/Illuminate/Routing/Router.php(750): Illuminate\\Routing\\Router->runRoute()
#35 /home/tigassefred/Bureau/sources/iaCargo/caisse/ia-caisse-backend/vendor/laravel/framework/src/Illuminate/Routing/Router.php(739): Illuminate\\Routing\\Router->dispatchToRoute()
#36 /home/tigassefred/Bureau/sources/iaCargo/caisse/ia-caisse-backend/vendor/laravel/framework/src/Illuminate/Foundation/Http/Kernel.php(201): Illuminate\\Routing\\Router->dispatch()
#37 /home/tigassefred/Bureau/sources/iaCargo/caisse/ia-caisse-backend/vendor/laravel/framework/src/Illuminate/Pipeline/Pipeline.php(144): Illuminate\\Foundation\\Http\\Kernel->Illuminate\\Foundation\\Http\\{closure}()
#38 /home/tigassefred/Bureau/sources/iaCargo/caisse/ia-caisse-backend/vendor/laravel/framework/src/Illuminate/Foundation/Http/Middleware/TransformsRequest.php(21): Illuminate\\Pipeline\\Pipeline->Illuminate\\Pipeline\\{closure}()
#39 /home/tigassefred/Bureau/sources/iaCargo/caisse/ia-caisse-backend/vendor/laravel/framework/src/Illuminate/Foundation/Http/Middleware/ConvertEmptyStringsToNull.php(31): Illuminate\\Foundation\\Http\\Middleware\\TransformsRequest->handle()
#40 /home/tigassefred/Bureau/sources/iaCargo/caisse/ia-caisse-backend/vendor/laravel/framework/src/Illuminate/Pipeline/Pipeline.php(183): Illuminate\\Foundation\\Http\\Middleware\\ConvertEmptyStringsToNull->handle()
#41 /home/tigassefred/Bureau/sources/iaCargo/caisse/ia-caisse-backend/vendor/laravel/framework/src/Illuminate/Foundation/Http/Middleware/TransformsRequest.php(21): Illuminate\\Pipeline\\Pipeline->Illuminate\\Pipeline\\{closure}()
#42 /home/tigassefred/Bureau/sources/iaCargo/caisse/ia-caisse-backend/vendor/laravel/framework/src/Illuminate/Foundation/Http/Middleware/TrimStrings.php(51): Illuminate\\Foundation\\Http\\Middleware\\TransformsRequest->handle()
#43 /home/tigassefred/Bureau/sources/iaCargo/caisse/ia-caisse-backend/vendor/laravel/framework/src/Illuminate/Pipeline/Pipeline.php(183): Illuminate\\Foundation\\Http\\Middleware\\TrimStrings->handle()
#44 /home/tigassefred/Bureau/sources/iaCargo/caisse/ia-caisse-backend/vendor/laravel/framework/src/Illuminate/Http/Middleware/ValidatePostSize.php(27): Illuminate\\Pipeline\\Pipeline->Illuminate\\Pipeline\\{closure}()
#45 /home/tigassefred/Bureau/sources/iaCargo/caisse/ia-caisse-backend/vendor/laravel/framework/src/Illuminate/Pipeline/Pipeline.php(183): Illuminate\\Http\\Middleware\\ValidatePostSize->handle()
#46 /home/tigassefred/Bureau/sources/iaCargo/caisse/ia-caisse-backend/vendor/laravel/framework/src/Illuminate/Foundation/Http/Middleware/PreventRequestsDuringMaintenance.php(110): Illuminate\\Pipeline\\Pipeline->Illuminate\\Pipeline\\{closure}()
#47 /home/tigassefred/Bureau/sources/iaCargo/caisse/ia-caisse-backend/vendor/laravel/framework/src/Illuminate/Pipeline/Pipeline.php(183): Illuminate\\Foundation\\Http\\Middleware\\PreventRequestsDuringMaintenance->handle()
#48 /home/tigassefred/Bureau/sources/iaCargo/caisse/ia-caisse-backend/vendor/laravel/framework/src/Illuminate/Http/Middleware/HandleCors.php(62): Illuminate\\Pipeline\\Pipeline->Illuminate\\Pipeline\\{closure}()
#49 /home/tigassefred/Bureau/sources/iaCargo/caisse/ia-caisse-backend/vendor/laravel/framework/src/Illuminate/Pipeline/Pipeline.php(183): Illuminate\\Http\\Middleware\\HandleCors->handle()
#50 /home/tigassefred/Bureau/sources/iaCargo/caisse/ia-caisse-backend/vendor/laravel/framework/src/Illuminate/Http/Middleware/TrustProxies.php(58): Illuminate\\Pipeline\\Pipeline->Illuminate\\Pipeline\\{closure}()
#51 /home/tigassefred/Bureau/sources/iaCargo/caisse/ia-caisse-backend/vendor/laravel/framework/src/Illuminate/Pipeline/Pipeline.php(183): Illuminate\\Http\\Middleware\\TrustProxies->handle()
#52 /home/tigassefred/Bureau/sources/iaCargo/caisse/ia-caisse-backend/vendor/laravel/framework/src/Illuminate/Foundation/Http/Middleware/InvokeDeferredCallbacks.php(22): Illuminate\\Pipeline\\Pipeline->Illuminate\\Pipeline\\{closure}()
#53 /home/tigassefred/Bureau/sources/iaCargo/caisse/ia-caisse-backend/vendor/laravel/framework/src/Illuminate/Pipeline/Pipeline.php(183): Illuminate\\Foundation\\Http\\Middleware\\InvokeDeferredCallbacks->handle()
#54 /home/tigassefred/Bureau/sources/iaCargo/caisse/ia-caisse-backend/vendor/laravel/framework/src/Illuminate/Pipeline/Pipeline.php(119): Illuminate\\Pipeline\\Pipeline->Illuminate\\Pipeline\\{closure}()
#55 /home/tigassefred/Bureau/sources/iaCargo/caisse/ia-caisse-backend/vendor/laravel/framework/src/Illuminate/Foundation/Http/Kernel.php(176): Illuminate\\Pipeline\\Pipeline->then()
#56 /home/tigassefred/Bureau/sources/iaCargo/caisse/ia-caisse-backend/vendor/laravel/framework/src/Illuminate/Foundation/Http/Kernel.php(145): Illuminate\\Foundation\\Http\\Kernel->sendRequestThroughRouter()
#57 /home/tigassefred/Bureau/sources/iaCargo/caisse/ia-caisse-backend/vendor/laravel/framework/src/Illuminate/Foundation/Application.php(1188): Illuminate\\Foundation\\Http\\Kernel->handle()
#58 /home/tigassefred/Bureau/sources/iaCargo/caisse/ia-caisse-backend/public/index.php(17): Illuminate\\Foundation\\Application->handleRequest()
#59 /home/tigassefred/Bureau/sources/iaCargo/caisse/ia-caisse-backend/vendor/laravel/framework/src/Illuminate/Foundation/resources/server.php(23): require_once('...')
#60 {main}

[previous exception] [object] (PDOException(code: 42S22): SQLSTATE[42S22]: Column not found: 1054 Unknown column 'commercials.commercial_id' in 'where clause' at /home/tigassefred/Bureau/sources/iaCargo/caisse/ia-caisse-backend/vendor/laravel/framework/src/Illuminate/Database/Connection.php:407)
[stacktrace]
#0 /home/tigassefred/Bureau/sources/iaCargo/caisse/ia-caisse-backend/vendor/laravel/framework/src/Illuminate/Database/Connection.php(407): PDO->prepare()
#1 /home/tigassefred/Bureau/sources/iaCargo/caisse/ia-caisse-backend/vendor/laravel/framework/src/Illuminate/Database/Connection.php(812): Illuminate\\Database\\Connection->Illuminate\\Database\\{closure}()
#2 /home/tigassefred/Bureau/sources/iaCargo/caisse/ia-caisse-backend/vendor/laravel/framework/src/Illuminate/Database/Connection.php(779): Illuminate\\Database\\Connection->runQueryCallback()
#3 /home/tigassefred/Bureau/sources/iaCargo/caisse/ia-caisse-backend/vendor/laravel/framework/src/Illuminate/Database/Connection.php(398): Illuminate\\Database\\Connection->run()
#4 /home/tigassefred/Bureau/sources/iaCargo/caisse/ia-caisse-backend/vendor/laravel/framework/src/Illuminate/Database/Query/Builder.php(3132): Illuminate\\Database\\Connection->select()
#5 /home/tigassefred/Bureau/sources/iaCargo/caisse/ia-caisse-backend/vendor/laravel/framework/src/Illuminate/Database/Query/Builder.php(3117): Illuminate\\Database\\Query\\Builder->runSelect()
#6 /home/tigassefred/Bureau/sources/iaCargo/caisse/ia-caisse-backend/vendor/laravel/framework/src/Illuminate/Database/Query/Builder.php(3705): Illuminate\\Database\\Query\\Builder->Illuminate\\Database\\Query\\{closure}()
#7 /home/tigassefred/Bureau/sources/iaCargo/caisse/ia-caisse-backend/vendor/laravel/framework/src/Illuminate/Database/Query/Builder.php(3116): Illuminate\\Database\\Query\\Builder->onceWithColumns()
#8 /home/tigassefred/Bureau/sources/iaCargo/caisse/ia-caisse-backend/vendor/laravel/framework/src/Illuminate/Database/Eloquent/Builder.php(759): Illuminate\\Database\\Query\\Builder->get()
#9 /home/tigassefred/Bureau/sources/iaCargo/caisse/ia-caisse-backend/vendor/laravel/framework/src/Illuminate/Database/Eloquent/Builder.php(741): Illuminate\\Database\\Eloquent\\Builder->getModels()
#10 /home/tigassefred/Bureau/sources/iaCargo/caisse/ia-caisse-backend/vendor/laravel/framework/src/Illuminate/Database/Concerns/BuildsQueries.php(344): Illuminate\\Database\\Eloquent\\Builder->get()
#11 /home/tigassefred/Bureau/sources/iaCargo/caisse/ia-caisse-backend/vendor/laravel/framework/src/Illuminate/Database/Eloquent/Relations/HasOne.php(31): Illuminate\\Database\\Eloquent\\Builder->first()
#12 /home/tigassefred/Bureau/sources/iaCargo/caisse/ia-caisse-backend/vendor/laravel/framework/src/Illuminate/Database/Eloquent/Concerns/HasAttributes.php(621): Illuminate\\Database\\Eloquent\\Relations\\HasOne->getResults()
#13 /home/tigassefred/Bureau/sources/iaCargo/caisse/ia-caisse-backend/vendor/laravel/framework/src/Illuminate/Database/Eloquent/Concerns/HasAttributes.php(559): Illuminate\\Database\\Eloquent\\Model->getRelationshipFromMethod()
#14 /home/tigassefred/Bureau/sources/iaCargo/caisse/ia-caisse-backend/vendor/laravel/framework/src/Illuminate/Database/Eloquent/Concerns/HasAttributes.php(484): Illuminate\\Database\\Eloquent\\Model->getRelationValue()
#15 /home/tigassefred/Bureau/sources/iaCargo/caisse/ia-caisse-backend/vendor/laravel/framework/src/Illuminate/Database/Eloquent/Model.php(2259): Illuminate\\Database\\Eloquent\\Model->getAttribute()
#16 /home/tigassefred/Bureau/sources/iaCargo/caisse/ia-caisse-backend/app/Http/Resources/PayementResource.php(23): Illuminate\\Database\\Eloquent\\Model->__get()
#17 /home/tigassefred/Bureau/sources/iaCargo/caisse/ia-caisse-backend/vendor/laravel/framework/src/Illuminate/Collections/HigherOrderCollectionProxy.php(65): App\\Http\\Resources\\PayementResource->toArray()
#18 [internal function]: Illuminate\\Support\\HigherOrderCollectionProxy->Illuminate\\Support\\{closure}()
#19 /home/tigassefred/Bureau/sources/iaCargo/caisse/ia-caisse-backend/vendor/laravel/framework/src/Illuminate/Collections/Arr.php(605): array_map()
#20 /home/tigassefred/Bureau/sources/iaCargo/caisse/ia-caisse-backend/vendor/laravel/framework/src/Illuminate/Collections/Collection.php(791): Illuminate\\Support\\Arr::map()
#21 /home/tigassefred/Bureau/sources/iaCargo/caisse/ia-caisse-backend/vendor/laravel/framework/src/Illuminate/Collections/HigherOrderCollectionProxy.php(64): Illuminate\\Support\\Collection->map()
#22 /home/tigassefred/Bureau/sources/iaCargo/caisse/ia-caisse-backend/vendor/laravel/framework/src/Illuminate/Http/Resources/Json/ResourceCollection.php(102): Illuminate\\Support\\HigherOrderCollectionProxy->__call()
#23 /home/tigassefred/Bureau/sources/iaCargo/caisse/ia-caisse-backend/vendor/laravel/framework/src/Illuminate/Http/Resources/Json/JsonResource.php(108): Illuminate\\Http\\Resources\\Json\\ResourceCollection->toArray()
#24 /home/tigassefred/Bureau/sources/iaCargo/caisse/ia-caisse-backend/vendor/laravel/framework/src/Illuminate/Http/Resources/Json/ResourceResponse.php(39): Illuminate\\Http\\Resources\\Json\\JsonResource->resolve()
#25 /home/tigassefred/Bureau/sources/iaCargo/caisse/ia-caisse-backend/vendor/laravel/framework/src/Illuminate/Http/Resources/Json/JsonResource.php(245): Illuminate\\Http\\Resources\\Json\\ResourceResponse->toResponse()
#26 /home/tigassefred/Bureau/sources/iaCargo/caisse/ia-caisse-backend/vendor/laravel/framework/src/Illuminate/Http/Resources/Json/ResourceCollection.php(117): Illuminate\\Http\\Resources\\Json\\JsonResource->toResponse()
#27 /home/tigassefred/Bureau/sources/iaCargo/caisse/ia-caisse-backend/vendor/laravel/framework/src/Illuminate/Routing/Router.php(902): Illuminate\\Http\\Resources\\Json\\ResourceCollection->toResponse()
#28 /home/tigassefred/Bureau/sources/iaCargo/caisse/ia-caisse-backend/vendor/laravel/framework/src/Illuminate/Routing/Router.php(887): Illuminate\\Routing\\Router::toResponse()
#29 /home/tigassefred/Bureau/sources/iaCargo/caisse/ia-caisse-backend/vendor/laravel/framework/src/Illuminate/Routing/Router.php(807): Illuminate\\Routing\\Router->prepareResponse()
#30 /home/tigassefred/Bureau/sources/iaCargo/caisse/ia-caisse-backend/vendor/laravel/framework/src/Illuminate/Pipeline/Pipeline.php(144): Illuminate\\Routing\\Router->Illuminate\\Routing\\{closure}()
#31 /home/tigassefred/Bureau/sources/iaCargo/caisse/ia-caisse-backend/vendor/laravel/framework/src/Illuminate/Routing/Middleware/SubstituteBindings.php(51): Illuminate\\Pipeline\\Pipeline->Illuminate\\Pipeline\\{closure}()
#32 /home/tigassefred/Bureau/sources/iaCargo/caisse/ia-caisse-backend/vendor/laravel/framework/src/Illuminate/Pipeline/Pipeline.php(183): Illuminate\\Routing\\Middleware\\SubstituteBindings->handle()
#33 /home/tigassefred/Bureau/sources/iaCargo/caisse/ia-caisse-backend/vendor/laravel/framework/src/Illuminate/Pipeline/Pipeline.php(119): Illuminate\\Pipeline\\Pipeline->Illuminate\\Pipeline\\{closure}()
#34 /home/tigassefred/Bureau/sources/iaCargo/caisse/ia-caisse-backend/vendor/laravel/framework/src/Illuminate/Routing/Router.php(807): Illuminate\\Pipeline\\Pipeline->then()
#35 /home/tigassefred/Bureau/sources/iaCargo/caisse/ia-caisse-backend/vendor/laravel/framework/src/Illuminate/Routing/Router.php(786): Illuminate\\Routing\\Router->runRouteWithinStack()
#36 /home/tigassefred/Bureau/sources/iaCargo/caisse/ia-caisse-backend/vendor/laravel/framework/src/Illuminate/Routing/Router.php(750): Illuminate\\Routing\\Router->runRoute()
#37 /home/tigassefred/Bureau/sources/iaCargo/caisse/ia-caisse-backend/vendor/laravel/framework/src/Illuminate/Routing/Router.php(739): Illuminate\\Routing\\Router->dispatchToRoute()
#38 /home/tigassefred/Bureau/sources/iaCargo/caisse/ia-caisse-backend/vendor/laravel/framework/src/Illuminate/Foundation/Http/Kernel.php(201): Illuminate\\Routing\\Router->dispatch()
#39 /home/tigassefred/Bureau/sources/iaCargo/caisse/ia-caisse-backend/vendor/laravel/framework/src/Illuminate/Pipeline/Pipeline.php(144): Illuminate\\Foundation\\Http\\Kernel->Illuminate\\Foundation\\Http\\{closure}()
#40 /home/tigassefred/Bureau/sources/iaCargo/caisse/ia-caisse-backend/vendor/laravel/framework/src/Illuminate/Foundation/Http/Middleware/TransformsRequest.php(21): Illuminate\\Pipeline\\Pipeline->Illuminate\\Pipeline\\{closure}()
#41 /home/tigassefred/Bureau/sources/iaCargo/caisse/ia-caisse-backend/vendor/laravel/framework/src/Illuminate/Foundation/Http/Middleware/ConvertEmptyStringsToNull.php(31): Illuminate\\Foundation\\Http\\Middleware\\TransformsRequest->handle()
#42 /home/tigassefred/Bureau/sources/iaCargo/caisse/ia-caisse-backend/vendor/laravel/framework/src/Illuminate/Pipeline/Pipeline.php(183): Illuminate\\Foundation\\Http\\Middleware\\ConvertEmptyStringsToNull->handle()
#43 /home/tigassefred/Bureau/sources/iaCargo/caisse/ia-caisse-backend/vendor/laravel/framework/src/Illuminate/Foundation/Http/Middleware/TransformsRequest.php(21): Illuminate\\Pipeline\\Pipeline->Illuminate\\Pipeline\\{closure}()
#44 /home/tigassefred/Bureau/sources/iaCargo/caisse/ia-caisse-backend/vendor/laravel/framework/src/Illuminate/Foundation/Http/Middleware/TrimStrings.php(51): Illuminate\\Foundation\\Http\\Middleware\\TransformsRequest->handle()
#45 /home/tigassefred/Bureau/sources/iaCargo/caisse/ia-caisse-backend/vendor/laravel/framework/src/Illuminate/Pipeline/Pipeline.php(183): Illuminate\\Foundation\\Http\\Middleware\\TrimStrings->handle()
#46 /home/tigassefred/Bureau/sources/iaCargo/caisse/ia-caisse-backend/vendor/laravel/framework/src/Illuminate/Http/Middleware/ValidatePostSize.php(27): Illuminate\\Pipeline\\Pipeline->Illuminate\\Pipeline\\{closure}()
#47 /home/tigassefred/Bureau/sources/iaCargo/caisse/ia-caisse-backend/vendor/laravel/framework/src/Illuminate/Pipeline/Pipeline.php(183): Illuminate\\Http\\Middleware\\ValidatePostSize->handle()
#48 /home/tigassefred/Bureau/sources/iaCargo/caisse/ia-caisse-backend/vendor/laravel/framework/src/Illuminate/Foundation/Http/Middleware/PreventRequestsDuringMaintenance.php(110): Illuminate\\Pipeline\\Pipeline->Illuminate\\Pipeline\\{closure}()
#49 /home/tigassefred/Bureau/sources/iaCargo/caisse/ia-caisse-backend/vendor/laravel/framework/src/Illuminate/Pipeline/Pipeline.php(183): Illuminate\\Foundation\\Http\\Middleware\\PreventRequestsDuringMaintenance->handle()
#50 /home/tigassefred/Bureau/sources/iaCargo/caisse/ia-caisse-backend/vendor/laravel/framework/src/Illuminate/Http/Middleware/HandleCors.php(62): Illuminate\\Pipeline\\Pipeline->Illuminate\\Pipeline\\{closure}()
#51 /home/tigassefred/Bureau/sources/iaCargo/caisse/ia-caisse-backend/vendor/laravel/framework/src/Illuminate/Pipeline/Pipeline.php(183): Illuminate\\Http\\Middleware\\HandleCors->handle()
#52 /home/tigassefred/Bureau/sources/iaCargo/caisse/ia-caisse-backend/vendor/laravel/framework/src/Illuminate/Http/Middleware/TrustProxies.php(58): Illuminate\\Pipeline\\Pipeline->Illuminate\\Pipeline\\{closure}()
#53 /home/tigassefred/Bureau/sources/iaCargo/caisse/ia-caisse-backend/vendor/laravel/framework/src/Illuminate/Pipeline/Pipeline.php(183): Illuminate\\Http\\Middleware\\TrustProxies->handle()
#54 /home/tigassefred/Bureau/sources/iaCargo/caisse/ia-caisse-backend/vendor/laravel/framework/src/Illuminate/Foundation/Http/Middleware/InvokeDeferredCallbacks.php(22): Illuminate\\Pipeline\\Pipeline->Illuminate\\Pipeline\\{closure}()
#55 /home/tigassefred/Bureau/sources/iaCargo/caisse/ia-caisse-backend/vendor/laravel/framework/src/Illuminate/Pipeline/Pipeline.php(183): Illuminate\\Foundation\\Http\\Middleware\\InvokeDeferredCallbacks->handle()
#56 /home/tigassefred/Bureau/sources/iaCargo/caisse/ia-caisse-backend/vendor/laravel/framework/src/Illuminate/Pipeline/Pipeline.php(119): Illuminate\\Pipeline\\Pipeline->Illuminate\\Pipeline\\{closure}()
#57 /home/tigassefred/Bureau/sources/iaCargo/caisse/ia-caisse-backend/vendor/laravel/framework/src/Illuminate/Foundation/Http/Kernel.php(176): Illuminate\\Pipeline\\Pipeline->then()
#58 /home/tigassefred/Bureau/sources/iaCargo/caisse/ia-caisse-backend/vendor/laravel/framework/src/Illuminate/Foundation/Http/Kernel.php(145): Illuminate\\Foundation\\Http\\Kernel->sendRequestThroughRouter()
#59 /home/tigassefred/Bureau/sources/iaCargo/caisse/ia-caisse-backend/vendor/laravel/framework/src/Illuminate/Foundation/Application.php(1188): Illuminate\\Foundation\\Http\\Kernel->handle()
#60 /home/tigassefred/Bureau/sources/iaCargo/caisse/ia-caisse-backend/public/index.php(17): Illuminate\\Foundation\\Application->handleRequest()
#61 /home/tigassefred/Bureau/sources/iaCargo/caisse/ia-caisse-backend/vendor/laravel/framework/src/Illuminate/Foundation/resources/server.php(23): require_once('...')
#62 {main}
"} 
[2024-11-11 05:57:54] local.ERROR: SQLSTATE[42S22]: Column not found: 1054 Unknown column 'commercials.commercial_id' in 'where clause' (Connection: mysql, SQL: select * from `commercials` where `commercials`.`commercial_id` = 9d760cda-0726-481b-a982-48cac8e5bec9 and `commercials`.`commercial_id` is not null limit 1) {"exception":"[object] (Illuminate\\Database\\QueryException(code: 42S22): SQLSTATE[42S22]: Column not found: 1054 Unknown column 'commercials.commercial_id' in 'where clause' (Connection: mysql, SQL: select * from `commercials` where `commercials`.`commercial_id` = 9d760cda-0726-481b-a982-48cac8e5bec9 and `commercials`.`commercial_id` is not null limit 1) at /home/tigassefred/Bureau/sources/iaCargo/caisse/ia-caisse-backend/vendor/laravel/framework/src/Illuminate/Database/Connection.php:825)
[stacktrace]
#0 /home/tigassefred/Bureau/sources/iaCargo/caisse/ia-caisse-backend/vendor/laravel/framework/src/Illuminate/Database/Connection.php(779): Illuminate\\Database\\Connection->runQueryCallback()
#1 /home/tigassefred/Bureau/sources/iaCargo/caisse/ia-caisse-backend/vendor/laravel/framework/src/Illuminate/Database/Connection.php(398): Illuminate\\Database\\Connection->run()
#2 /home/tigassefred/Bureau/sources/iaCargo/caisse/ia-caisse-backend/vendor/laravel/framework/src/Illuminate/Database/Query/Builder.php(3132): Illuminate\\Database\\Connection->select()
#3 /home/tigassefred/Bureau/sources/iaCargo/caisse/ia-caisse-backend/vendor/laravel/framework/src/Illuminate/Database/Query/Builder.php(3117): Illuminate\\Database\\Query\\Builder->runSelect()
#4 /home/tigassefred/Bureau/sources/iaCargo/caisse/ia-caisse-backend/vendor/laravel/framework/src/Illuminate/Database/Query/Builder.php(3705): Illuminate\\Database\\Query\\Builder->Illuminate\\Database\\Query\\{closure}()
#5 /home/tigassefred/Bureau/sources/iaCargo/caisse/ia-caisse-backend/vendor/laravel/framework/src/Illuminate/Database/Query/Builder.php(3116): Illuminate\\Database\\Query\\Builder->onceWithColumns()
#6 /home/tigassefred/Bureau/sources/iaCargo/caisse/ia-caisse-backend/vendor/laravel/framework/src/Illuminate/Database/Eloquent/Builder.php(759): Illuminate\\Database\\Query\\Builder->get()
#7 /home/tigassefred/Bureau/sources/iaCargo/caisse/ia-caisse-backend/vendor/laravel/framework/src/Illuminate/Database/Eloquent/Builder.php(741): Illuminate\\Database\\Eloquent\\Builder->getModels()
#8 /home/tigassefred/Bureau/sources/iaCargo/caisse/ia-caisse-backend/vendor/laravel/framework/src/Illuminate/Database/Concerns/BuildsQueries.php(344): Illuminate\\Database\\Eloquent\\Builder->get()
#9 /home/tigassefred/Bureau/sources/iaCargo/caisse/ia-caisse-backend/vendor/laravel/framework/src/Illuminate/Database/Eloquent/Relations/HasOne.php(31): Illuminate\\Database\\Eloquent\\Builder->first()
#10 /home/tigassefred/Bureau/sources/iaCargo/caisse/ia-caisse-backend/vendor/laravel/framework/src/Illuminate/Database/Eloquent/Concerns/HasAttributes.php(621): Illuminate\\Database\\Eloquent\\Relations\\HasOne->getResults()
#11 /home/tigassefred/Bureau/sources/iaCargo/caisse/ia-caisse-backend/vendor/laravel/framework/src/Illuminate/Database/Eloquent/Concerns/HasAttributes.php(559): Illuminate\\Database\\Eloquent\\Model->getRelationshipFromMethod()
#12 /home/tigassefred/Bureau/sources/iaCargo/caisse/ia-caisse-backend/vendor/laravel/framework/src/Illuminate/Database/Eloquent/Concerns/HasAttributes.php(484): Illuminate\\Database\\Eloquent\\Model->getRelationValue()
#13 /home/tigassefred/Bureau/sources/iaCargo/caisse/ia-caisse-backend/vendor/laravel/framework/src/Illuminate/Database/Eloquent/Model.php(2259): Illuminate\\Database\\Eloquent\\Model->getAttribute()
#14 /home/tigassefred/Bureau/sources/iaCargo/caisse/ia-caisse-backend/app/Http/Resources/PayementResource.php(23): Illuminate\\Database\\Eloquent\\Model->__get()
#15 /home/tigassefred/Bureau/sources/iaCargo/caisse/ia-caisse-backend/vendor/laravel/framework/src/Illuminate/Collections/HigherOrderCollectionProxy.php(65): App\\Http\\Resources\\PayementResource->toArray()
#16 [internal function]: Illuminate\\Support\\HigherOrderCollectionProxy->Illuminate\\Support\\{closure}()
#17 /home/tigassefred/Bureau/sources/iaCargo/caisse/ia-caisse-backend/vendor/laravel/framework/src/Illuminate/Collections/Arr.php(605): array_map()
#18 /home/tigassefred/Bureau/sources/iaCargo/caisse/ia-caisse-backend/vendor/laravel/framework/src/Illuminate/Collections/Collection.php(791): Illuminate\\Support\\Arr::map()
#19 /home/tigassefred/Bureau/sources/iaCargo/caisse/ia-caisse-backend/vendor/laravel/framework/src/Illuminate/Collections/HigherOrderCollectionProxy.php(64): Illuminate\\Support\\Collection->map()
#20 /home/tigassefred/Bureau/sources/iaCargo/caisse/ia-caisse-backend/vendor/laravel/framework/src/Illuminate/Http/Resources/Json/ResourceCollection.php(102): Illuminate\\Support\\HigherOrderCollectionProxy->__call()
#21 /home/tigassefred/Bureau/sources/iaCargo/caisse/ia-caisse-backend/vendor/laravel/framework/src/Illuminate/Http/Resources/Json/JsonResource.php(108): Illuminate\\Http\\Resources\\Json\\ResourceCollection->toArray()
#22 /home/tigassefred/Bureau/sources/iaCargo/caisse/ia-caisse-backend/vendor/laravel/framework/src/Illuminate/Http/Resources/Json/ResourceResponse.php(39): Illuminate\\Http\\Resources\\Json\\JsonResource->resolve()
#23 /home/tigassefred/Bureau/sources/iaCargo/caisse/ia-caisse-backend/vendor/laravel/framework/src/Illuminate/Http/Resources/Json/JsonResource.php(245): Illuminate\\Http\\Resources\\Json\\ResourceResponse->toResponse()
#24 /home/tigassefred/Bureau/sources/iaCargo/caisse/ia-caisse-backend/vendor/laravel/framework/src/Illuminate/Http/Resources/Json/ResourceCollection.php(117): Illuminate\\Http\\Resources\\Json\\JsonResource->toResponse()
#25 /home/tigassefred/Bureau/sources/iaCargo/caisse/ia-caisse-backend/vendor/laravel/framework/src/Illuminate/Routing/Router.php(902): Illuminate\\Http\\Resources\\Json\\ResourceCollection->toResponse()
#26 /home/tigassefred/Bureau/sources/iaCargo/caisse/ia-caisse-backend/vendor/laravel/framework/src/Illuminate/Routing/Router.php(887): Illuminate\\Routing\\Router::toResponse()
#27 /home/tigassefred/Bureau/sources/iaCargo/caisse/ia-caisse-backend/vendor/laravel/framework/src/Illuminate/Routing/Router.php(807): Illuminate\\Routing\\Router->prepareResponse()
#28 /home/tigassefred/Bureau/sources/iaCargo/caisse/ia-caisse-backend/vendor/laravel/framework/src/Illuminate/Pipeline/Pipeline.php(144): Illuminate\\Routing\\Router->Illuminate\\Routing\\{closure}()
#29 /home/tigassefred/Bureau/sources/iaCargo/caisse/ia-caisse-backend/vendor/laravel/framework/src/Illuminate/Routing/Middleware/SubstituteBindings.php(51): Illuminate\\Pipeline\\Pipeline->Illuminate\\Pipeline\\{closure}()
#30 /home/tigassefred/Bureau/sources/iaCargo/caisse/ia-caisse-backend/vendor/laravel/framework/src/Illuminate/Pipeline/Pipeline.php(183): Illuminate\\Routing\\Middleware\\SubstituteBindings->handle()
#31 /home/tigassefred/Bureau/sources/iaCargo/caisse/ia-caisse-backend/vendor/laravel/framework/src/Illuminate/Pipeline/Pipeline.php(119): Illuminate\\Pipeline\\Pipeline->Illuminate\\Pipeline\\{closure}()
#32 /home/tigassefred/Bureau/sources/iaCargo/caisse/ia-caisse-backend/vendor/laravel/framework/src/Illuminate/Routing/Router.php(807): Illuminate\\Pipeline\\Pipeline->then()
#33 /home/tigassefred/Bureau/sources/iaCargo/caisse/ia-caisse-backend/vendor/laravel/framework/src/Illuminate/Routing/Router.php(786): Illuminate\\Routing\\Router->runRouteWithinStack()
#34 /home/tigassefred/Bureau/sources/iaCargo/caisse/ia-caisse-backend/vendor/laravel/framework/src/Illuminate/Routing/Router.php(750): Illuminate\\Routing\\Router->runRoute()
#35 /home/tigassefred/Bureau/sources/iaCargo/caisse/ia-caisse-backend/vendor/laravel/framework/src/Illuminate/Routing/Router.php(739): Illuminate\\Routing\\Router->dispatchToRoute()
#36 /home/tigassefred/Bureau/sources/iaCargo/caisse/ia-caisse-backend/vendor/laravel/framework/src/Illuminate/Foundation/Http/Kernel.php(201): Illuminate\\Routing\\Router->dispatch()
#37 /home/tigassefred/Bureau/sources/iaCargo/caisse/ia-caisse-backend/vendor/laravel/framework/src/Illuminate/Pipeline/Pipeline.php(144): Illuminate\\Foundation\\Http\\Kernel->Illuminate\\Foundation\\Http\\{closure}()
#38 /home/tigassefred/Bureau/sources/iaCargo/caisse/ia-caisse-backend/vendor/laravel/framework/src/Illuminate/Foundation/Http/Middleware/TransformsRequest.php(21): Illuminate\\Pipeline\\Pipeline->Illuminate\\Pipeline\\{closure}()
#39 /home/tigassefred/Bureau/sources/iaCargo/caisse/ia-caisse-backend/vendor/laravel/framework/src/Illuminate/Foundation/Http/Middleware/ConvertEmptyStringsToNull.php(31): Illuminate\\Foundation\\Http\\Middleware\\TransformsRequest->handle()
#40 /home/tigassefred/Bureau/sources/iaCargo/caisse/ia-caisse-backend/vendor/laravel/framework/src/Illuminate/Pipeline/Pipeline.php(183): Illuminate\\Foundation\\Http\\Middleware\\ConvertEmptyStringsToNull->handle()
#41 /home/tigassefred/Bureau/sources/iaCargo/caisse/ia-caisse-backend/vendor/laravel/framework/src/Illuminate/Foundation/Http/Middleware/TransformsRequest.php(21): Illuminate\\Pipeline\\Pipeline->Illuminate\\Pipeline\\{closure}()
#42 /home/tigassefred/Bureau/sources/iaCargo/caisse/ia-caisse-backend/vendor/laravel/framework/src/Illuminate/Foundation/Http/Middleware/TrimStrings.php(51): Illuminate\\Foundation\\Http\\Middleware\\TransformsRequest->handle()
#43 /home/tigassefred/Bureau/sources/iaCargo/caisse/ia-caisse-backend/vendor/laravel/framework/src/Illuminate/Pipeline/Pipeline.php(183): Illuminate\\Foundation\\Http\\Middleware\\TrimStrings->handle()
#44 /home/tigassefred/Bureau/sources/iaCargo/caisse/ia-caisse-backend/vendor/laravel/framework/src/Illuminate/Http/Middleware/ValidatePostSize.php(27): Illuminate\\Pipeline\\Pipeline->Illuminate\\Pipeline\\{closure}()
#45 /home/tigassefred/Bureau/sources/iaCargo/caisse/ia-caisse-backend/vendor/laravel/framework/src/Illuminate/Pipeline/Pipeline.php(183): Illuminate\\Http\\Middleware\\ValidatePostSize->handle()
#46 /home/tigassefred/Bureau/sources/iaCargo/caisse/ia-caisse-backend/vendor/laravel/framework/src/Illuminate/Foundation/Http/Middleware/PreventRequestsDuringMaintenance.php(110): Illuminate\\Pipeline\\Pipeline->Illuminate\\Pipeline\\{closure}()
#47 /home/tigassefred/Bureau/sources/iaCargo/caisse/ia-caisse-backend/vendor/laravel/framework/src/Illuminate/Pipeline/Pipeline.php(183): Illuminate\\Foundation\\Http\\Middleware\\PreventRequestsDuringMaintenance->handle()
#48 /home/tigassefred/Bureau/sources/iaCargo/caisse/ia-caisse-backend/vendor/laravel/framework/src/Illuminate/Http/Middleware/HandleCors.php(62): Illuminate\\Pipeline\\Pipeline->Illuminate\\Pipeline\\{closure}()
#49 /home/tigassefred/Bureau/sources/iaCargo/caisse/ia-caisse-backend/vendor/laravel/framework/src/Illuminate/Pipeline/Pipeline.php(183): Illuminate\\Http\\Middleware\\HandleCors->handle()
#50 /home/tigassefred/Bureau/sources/iaCargo/caisse/ia-caisse-backend/vendor/laravel/framework/src/Illuminate/Http/Middleware/TrustProxies.php(58): Illuminate\\Pipeline\\Pipeline->Illuminate\\Pipeline\\{closure}()
#51 /home/tigassefred/Bureau/sources/iaCargo/caisse/ia-caisse-backend/vendor/laravel/framework/src/Illuminate/Pipeline/Pipeline.php(183): Illuminate\\Http\\Middleware\\TrustProxies->handle()
#52 /home/tigassefred/Bureau/sources/iaCargo/caisse/ia-caisse-backend/vendor/laravel/framework/src/Illuminate/Foundation/Http/Middleware/InvokeDeferredCallbacks.php(22): Illuminate\\Pipeline\\Pipeline->Illuminate\\Pipeline\\{closure}()
#53 /home/tigassefred/Bureau/sources/iaCargo/caisse/ia-caisse-backend/vendor/laravel/framework/src/Illuminate/Pipeline/Pipeline.php(183): Illuminate\\Foundation\\Http\\Middleware\\InvokeDeferredCallbacks->handle()
#54 /home/tigassefred/Bureau/sources/iaCargo/caisse/ia-caisse-backend/vendor/laravel/framework/src/Illuminate/Pipeline/Pipeline.php(119): Illuminate\\Pipeline\\Pipeline->Illuminate\\Pipeline\\{closure}()
#55 /home/tigassefred/Bureau/sources/iaCargo/caisse/ia-caisse-backend/vendor/laravel/framework/src/Illuminate/Foundation/Http/Kernel.php(176): Illuminate\\Pipeline\\Pipeline->then()
#56 /home/tigassefred/Bureau/sources/iaCargo/caisse/ia-caisse-backend/vendor/laravel/framework/src/Illuminate/Foundation/Http/Kernel.php(145): Illuminate\\Foundation\\Http\\Kernel->sendRequestThroughRouter()
#57 /home/tigassefred/Bureau/sources/iaCargo/caisse/ia-caisse-backend/vendor/laravel/framework/src/Illuminate/Foundation/Application.php(1188): Illuminate\\Foundation\\Http\\Kernel->handle()
#58 /home/tigassefred/Bureau/sources/iaCargo/caisse/ia-caisse-backend/public/index.php(17): Illuminate\\Foundation\\Application->handleRequest()
#59 /home/tigassefred/Bureau/sources/iaCargo/caisse/ia-caisse-backend/vendor/laravel/framework/src/Illuminate/Foundation/resources/server.php(23): require_once('...')
#60 {main}

[previous exception] [object] (PDOException(code: 42S22): SQLSTATE[42S22]: Column not found: 1054 Unknown column 'commercials.commercial_id' in 'where clause' at /home/tigassefred/Bureau/sources/iaCargo/caisse/ia-caisse-backend/vendor/laravel/framework/src/Illuminate/Database/Connection.php:407)
[stacktrace]
#0 /home/tigassefred/Bureau/sources/iaCargo/caisse/ia-caisse-backend/vendor/laravel/framework/src/Illuminate/Database/Connection.php(407): PDO->prepare()
#1 /home/tigassefred/Bureau/sources/iaCargo/caisse/ia-caisse-backend/vendor/laravel/framework/src/Illuminate/Database/Connection.php(812): Illuminate\\Database\\Connection->Illuminate\\Database\\{closure}()
#2 /home/tigassefred/Bureau/sources/iaCargo/caisse/ia-caisse-backend/vendor/laravel/framework/src/Illuminate/Database/Connection.php(779): Illuminate\\Database\\Connection->runQueryCallback()
#3 /home/tigassefred/Bureau/sources/iaCargo/caisse/ia-caisse-backend/vendor/laravel/framework/src/Illuminate/Database/Connection.php(398): Illuminate\\Database\\Connection->run()
#4 /home/tigassefred/Bureau/sources/iaCargo/caisse/ia-caisse-backend/vendor/laravel/framework/src/Illuminate/Database/Query/Builder.php(3132): Illuminate\\Database\\Connection->select()
#5 /home/tigassefred/Bureau/sources/iaCargo/caisse/ia-caisse-backend/vendor/laravel/framework/src/Illuminate/Database/Query/Builder.php(3117): Illuminate\\Database\\Query\\Builder->runSelect()
#6 /home/tigassefred/Bureau/sources/iaCargo/caisse/ia-caisse-backend/vendor/laravel/framework/src/Illuminate/Database/Query/Builder.php(3705): Illuminate\\Database\\Query\\Builder->Illuminate\\Database\\Query\\{closure}()
#7 /home/tigassefred/Bureau/sources/iaCargo/caisse/ia-caisse-backend/vendor/laravel/framework/src/Illuminate/Database/Query/Builder.php(3116): Illuminate\\Database\\Query\\Builder->onceWithColumns()
#8 /home/tigassefred/Bureau/sources/iaCargo/caisse/ia-caisse-backend/vendor/laravel/framework/src/Illuminate/Database/Eloquent/Builder.php(759): Illuminate\\Database\\Query\\Builder->get()
#9 /home/tigassefred/Bureau/sources/iaCargo/caisse/ia-caisse-backend/vendor/laravel/framework/src/Illuminate/Database/Eloquent/Builder.php(741): Illuminate\\Database\\Eloquent\\Builder->getModels()
#10 /home/tigassefred/Bureau/sources/iaCargo/caisse/ia-caisse-backend/vendor/laravel/framework/src/Illuminate/Database/Concerns/BuildsQueries.php(344): Illuminate\\Database\\Eloquent\\Builder->get()
#11 /home/tigassefred/Bureau/sources/iaCargo/caisse/ia-caisse-backend/vendor/laravel/framework/src/Illuminate/Database/Eloquent/Relations/HasOne.php(31): Illuminate\\Database\\Eloquent\\Builder->first()
#12 /home/tigassefred/Bureau/sources/iaCargo/caisse/ia-caisse-backend/vendor/laravel/framework/src/Illuminate/Database/Eloquent/Concerns/HasAttributes.php(621): Illuminate\\Database\\Eloquent\\Relations\\HasOne->getResults()
#13 /home/tigassefred/Bureau/sources/iaCargo/caisse/ia-caisse-backend/vendor/laravel/framework/src/Illuminate/Database/Eloquent/Concerns/HasAttributes.php(559): Illuminate\\Database\\Eloquent\\Model->getRelationshipFromMethod()
#14 /home/tigassefred/Bureau/sources/iaCargo/caisse/ia-caisse-backend/vendor/laravel/framework/src/Illuminate/Database/Eloquent/Concerns/HasAttributes.php(484): Illuminate\\Database\\Eloquent\\Model->getRelationValue()
#15 /home/tigassefred/Bureau/sources/iaCargo/caisse/ia-caisse-backend/vendor/laravel/framework/src/Illuminate/Database/Eloquent/Model.php(2259): Illuminate\\Database\\Eloquent\\Model->getAttribute()
#16 /home/tigassefred/Bureau/sources/iaCargo/caisse/ia-caisse-backend/app/Http/Resources/PayementResource.php(23): Illuminate\\Database\\Eloquent\\Model->__get()
#17 /home/tigassefred/Bureau/sources/iaCargo/caisse/ia-caisse-backend/vendor/laravel/framework/src/Illuminate/Collections/HigherOrderCollectionProxy.php(65): App\\Http\\Resources\\PayementResource->toArray()
#18 [internal function]: Illuminate\\Support\\HigherOrderCollectionProxy->Illuminate\\Support\\{closure}()
#19 /home/tigassefred/Bureau/sources/iaCargo/caisse/ia-caisse-backend/vendor/laravel/framework/src/Illuminate/Collections/Arr.php(605): array_map()
#20 /home/tigassefred/Bureau/sources/iaCargo/caisse/ia-caisse-backend/vendor/laravel/framework/src/Illuminate/Collections/Collection.php(791): Illuminate\\Support\\Arr::map()
#21 /home/tigassefred/Bureau/sources/iaCargo/caisse/ia-caisse-backend/vendor/laravel/framework/src/Illuminate/Collections/HigherOrderCollectionProxy.php(64): Illuminate\\Support\\Collection->map()
#22 /home/tigassefred/Bureau/sources/iaCargo/caisse/ia-caisse-backend/vendor/laravel/framework/src/Illuminate/Http/Resources/Json/ResourceCollection.php(102): Illuminate\\Support\\HigherOrderCollectionProxy->__call()
#23 /home/tigassefred/Bureau/sources/iaCargo/caisse/ia-caisse-backend/vendor/laravel/framework/src/Illuminate/Http/Resources/Json/JsonResource.php(108): Illuminate\\Http\\Resources\\Json\\ResourceCollection->toArray()
#24 /home/tigassefred/Bureau/sources/iaCargo/caisse/ia-caisse-backend/vendor/laravel/framework/src/Illuminate/Http/Resources/Json/ResourceResponse.php(39): Illuminate\\Http\\Resources\\Json\\JsonResource->resolve()
#25 /home/tigassefred/Bureau/sources/iaCargo/caisse/ia-caisse-backend/vendor/laravel/framework/src/Illuminate/Http/Resources/Json/JsonResource.php(245): Illuminate\\Http\\Resources\\Json\\ResourceResponse->toResponse()
#26 /home/tigassefred/Bureau/sources/iaCargo/caisse/ia-caisse-backend/vendor/laravel/framework/src/Illuminate/Http/Resources/Json/ResourceCollection.php(117): Illuminate\\Http\\Resources\\Json\\JsonResource->toResponse()
#27 /home/tigassefred/Bureau/sources/iaCargo/caisse/ia-caisse-backend/vendor/laravel/framework/src/Illuminate/Routing/Router.php(902): Illuminate\\Http\\Resources\\Json\\ResourceCollection->toResponse()
#28 /home/tigassefred/Bureau/sources/iaCargo/caisse/ia-caisse-backend/vendor/laravel/framework/src/Illuminate/Routing/Router.php(887): Illuminate\\Routing\\Router::toResponse()
#29 /home/tigassefred/Bureau/sources/iaCargo/caisse/ia-caisse-backend/vendor/laravel/framework/src/Illuminate/Routing/Router.php(807): Illuminate\\Routing\\Router->prepareResponse()
#30 /home/tigassefred/Bureau/sources/iaCargo/caisse/ia-caisse-backend/vendor/laravel/framework/src/Illuminate/Pipeline/Pipeline.php(144): Illuminate\\Routing\\Router->Illuminate\\Routing\\{closure}()
#31 /home/tigassefred/Bureau/sources/iaCargo/caisse/ia-caisse-backend/vendor/laravel/framework/src/Illuminate/Routing/Middleware/SubstituteBindings.php(51): Illuminate\\Pipeline\\Pipeline->Illuminate\\Pipeline\\{closure}()
#32 /home/tigassefred/Bureau/sources/iaCargo/caisse/ia-caisse-backend/vendor/laravel/framework/src/Illuminate/Pipeline/Pipeline.php(183): Illuminate\\Routing\\Middleware\\SubstituteBindings->handle()
#33 /home/tigassefred/Bureau/sources/iaCargo/caisse/ia-caisse-backend/vendor/laravel/framework/src/Illuminate/Pipeline/Pipeline.php(119): Illuminate\\Pipeline\\Pipeline->Illuminate\\Pipeline\\{closure}()
#34 /home/tigassefred/Bureau/sources/iaCargo/caisse/ia-caisse-backend/vendor/laravel/framework/src/Illuminate/Routing/Router.php(807): Illuminate\\Pipeline\\Pipeline->then()
#35 /home/tigassefred/Bureau/sources/iaCargo/caisse/ia-caisse-backend/vendor/laravel/framework/src/Illuminate/Routing/Router.php(786): Illuminate\\Routing\\Router->runRouteWithinStack()
#36 /home/tigassefred/Bureau/sources/iaCargo/caisse/ia-caisse-backend/vendor/laravel/framework/src/Illuminate/Routing/Router.php(750): Illuminate\\Routing\\Router->runRoute()
#37 /home/tigassefred/Bureau/sources/iaCargo/caisse/ia-caisse-backend/vendor/laravel/framework/src/Illuminate/Routing/Router.php(739): Illuminate\\Routing\\Router->dispatchToRoute()
#38 /home/tigassefred/Bureau/sources/iaCargo/caisse/ia-caisse-backend/vendor/laravel/framework/src/Illuminate/Foundation/Http/Kernel.php(201): Illuminate\\Routing\\Router->dispatch()
#39 /home/tigassefred/Bureau/sources/iaCargo/caisse/ia-caisse-backend/vendor/laravel/framework/src/Illuminate/Pipeline/Pipeline.php(144): Illuminate\\Foundation\\Http\\Kernel->Illuminate\\Foundation\\Http\\{closure}()
#40 /home/tigassefred/Bureau/sources/iaCargo/caisse/ia-caisse-backend/vendor/laravel/framework/src/Illuminate/Foundation/Http/Middleware/TransformsRequest.php(21): Illuminate\\Pipeline\\Pipeline->Illuminate\\Pipeline\\{closure}()
#41 /home/tigassefred/Bureau/sources/iaCargo/caisse/ia-caisse-backend/vendor/laravel/framework/src/Illuminate/Foundation/Http/Middleware/ConvertEmptyStringsToNull.php(31): Illuminate\\Foundation\\Http\\Middleware\\TransformsRequest->handle()
#42 /home/tigassefred/Bureau/sources/iaCargo/caisse/ia-caisse-backend/vendor/laravel/framework/src/Illuminate/Pipeline/Pipeline.php(183): Illuminate\\Foundation\\Http\\Middleware\\ConvertEmptyStringsToNull->handle()
#43 /home/tigassefred/Bureau/sources/iaCargo/caisse/ia-caisse-backend/vendor/laravel/framework/src/Illuminate/Foundation/Http/Middleware/TransformsRequest.php(21): Illuminate\\Pipeline\\Pipeline->Illuminate\\Pipeline\\{closure}()
#44 /home/tigassefred/Bureau/sources/iaCargo/caisse/ia-caisse-backend/vendor/laravel/framework/src/Illuminate/Foundation/Http/Middleware/TrimStrings.php(51): Illuminate\\Foundation\\Http\\Middleware\\TransformsRequest->handle()
#45 /home/tigassefred/Bureau/sources/iaCargo/caisse/ia-caisse-backend/vendor/laravel/framework/src/Illuminate/Pipeline/Pipeline.php(183): Illuminate\\Foundation\\Http\\Middleware\\TrimStrings->handle()
#46 /home/tigassefred/Bureau/sources/iaCargo/caisse/ia-caisse-backend/vendor/laravel/framework/src/Illuminate/Http/Middleware/ValidatePostSize.php(27): Illuminate\\Pipeline\\Pipeline->Illuminate\\Pipeline\\{closure}()
#47 /home/tigassefred/Bureau/sources/iaCargo/caisse/ia-caisse-backend/vendor/laravel/framework/src/Illuminate/Pipeline/Pipeline.php(183): Illuminate\\Http\\Middleware\\ValidatePostSize->handle()
#48 /home/tigassefred/Bureau/sources/iaCargo/caisse/ia-caisse-backend/vendor/laravel/framework/src/Illuminate/Foundation/Http/Middleware/PreventRequestsDuringMaintenance.php(110): Illuminate\\Pipeline\\Pipeline->Illuminate\\Pipeline\\{closure}()
#49 /home/tigassefred/Bureau/sources/iaCargo/caisse/ia-caisse-backend/vendor/laravel/framework/src/Illuminate/Pipeline/Pipeline.php(183): Illuminate\\Foundation\\Http\\Middleware\\PreventRequestsDuringMaintenance->handle()
#50 /home/tigassefred/Bureau/sources/iaCargo/caisse/ia-caisse-backend/vendor/laravel/framework/src/Illuminate/Http/Middleware/HandleCors.php(62): Illuminate\\Pipeline\\Pipeline->Illuminate\\Pipeline\\{closure}()
#51 /home/tigassefred/Bureau/sources/iaCargo/caisse/ia-caisse-backend/vendor/laravel/framework/src/Illuminate/Pipeline/Pipeline.php(183): Illuminate\\Http\\Middleware\\HandleCors->handle()
#52 /home/tigassefred/Bureau/sources/iaCargo/caisse/ia-caisse-backend/vendor/laravel/framework/src/Illuminate/Http/Middleware/TrustProxies.php(58): Illuminate\\Pipeline\\Pipeline->Illuminate\\Pipeline\\{closure}()
#53 /home/tigassefred/Bureau/sources/iaCargo/caisse/ia-caisse-backend/vendor/laravel/framework/src/Illuminate/Pipeline/Pipeline.php(183): Illuminate\\Http\\Middleware\\TrustProxies->handle()
#54 /home/tigassefred/Bureau/sources/iaCargo/caisse/ia-caisse-backend/vendor/laravel/framework/src/Illuminate/Foundation/Http/Middleware/InvokeDeferredCallbacks.php(22): Illuminate\\Pipeline\\Pipeline->Illuminate\\Pipeline\\{closure}()
#55 /home/tigassefred/Bureau/sources/iaCargo/caisse/ia-caisse-backend/vendor/laravel/framework/src/Illuminate/Pipeline/Pipeline.php(183): Illuminate\\Foundation\\Http\\Middleware\\InvokeDeferredCallbacks->handle()
#56 /home/tigassefred/Bureau/sources/iaCargo/caisse/ia-caisse-backend/vendor/laravel/framework/src/Illuminate/Pipeline/Pipeline.php(119): Illuminate\\Pipeline\\Pipeline->Illuminate\\Pipeline\\{closure}()
#57 /home/tigassefred/Bureau/sources/iaCargo/caisse/ia-caisse-backend/vendor/laravel/framework/src/Illuminate/Foundation/Http/Kernel.php(176): Illuminate\\Pipeline\\Pipeline->then()
#58 /home/tigassefred/Bureau/sources/iaCargo/caisse/ia-caisse-backend/vendor/laravel/framework/src/Illuminate/Foundation/Http/Kernel.php(145): Illuminate\\Foundation\\Http\\Kernel->sendRequestThroughRouter()
#59 /home/tigassefred/Bureau/sources/iaCargo/caisse/ia-caisse-backend/vendor/laravel/framework/src/Illuminate/Foundation/Application.php(1188): Illuminate\\Foundation\\Http\\Kernel->handle()
#60 /home/tigassefred/Bureau/sources/iaCargo/caisse/ia-caisse-backend/public/index.php(17): Illuminate\\Foundation\\Application->handleRequest()
#61 /home/tigassefred/Bureau/sources/iaCargo/caisse/ia-caisse-backend/vendor/laravel/framework/src/Illuminate/Foundation/resources/server.php(23): require_once('...')
#62 {main}
"} 
[2024-11-11 05:58:46] local.ERROR: Attempt to read property "commercial_id" on null {"exception":"[object] (ErrorException(code: 0): Attempt to read property \"commercial_id\" on null at /home/tigassefred/Bureau/sources/iaCargo/caisse/ia-caisse-backend/app/Http/Resources/PayementResource.php:24)
[stacktrace]
#0 /home/tigassefred/Bureau/sources/iaCargo/caisse/ia-caisse-backend/vendor/laravel/framework/src/Illuminate/Foundation/Bootstrap/HandleExceptions.php(256): Illuminate\\Foundation\\Bootstrap\\HandleExceptions->handleError()
#1 /home/tigassefred/Bureau/sources/iaCargo/caisse/ia-caisse-backend/app/Http/Resources/PayementResource.php(24): Illuminate\\Foundation\\Bootstrap\\HandleExceptions->Illuminate\\Foundation\\Bootstrap\\{closure}()
#2 /home/tigassefred/Bureau/sources/iaCargo/caisse/ia-caisse-backend/vendor/laravel/framework/src/Illuminate/Collections/HigherOrderCollectionProxy.php(65): App\\Http\\Resources\\PayementResource->toArray()
#3 [internal function]: Illuminate\\Support\\HigherOrderCollectionProxy->Illuminate\\Support\\{closure}()
#4 /home/tigassefred/Bureau/sources/iaCargo/caisse/ia-caisse-backend/vendor/laravel/framework/src/Illuminate/Collections/Arr.php(605): array_map()
#5 /home/tigassefred/Bureau/sources/iaCargo/caisse/ia-caisse-backend/vendor/laravel/framework/src/Illuminate/Collections/Collection.php(791): Illuminate\\Support\\Arr::map()
#6 /home/tigassefred/Bureau/sources/iaCargo/caisse/ia-caisse-backend/vendor/laravel/framework/src/Illuminate/Collections/HigherOrderCollectionProxy.php(64): Illuminate\\Support\\Collection->map()
#7 /home/tigassefred/Bureau/sources/iaCargo/caisse/ia-caisse-backend/vendor/laravel/framework/src/Illuminate/Http/Resources/Json/ResourceCollection.php(102): Illuminate\\Support\\HigherOrderCollectionProxy->__call()
#8 /home/tigassefred/Bureau/sources/iaCargo/caisse/ia-caisse-backend/vendor/laravel/framework/src/Illuminate/Http/Resources/Json/JsonResource.php(108): Illuminate\\Http\\Resources\\Json\\ResourceCollection->toArray()
#9 /home/tigassefred/Bureau/sources/iaCargo/caisse/ia-caisse-backend/vendor/laravel/framework/src/Illuminate/Http/Resources/Json/ResourceResponse.php(39): Illuminate\\Http\\Resources\\Json\\JsonResource->resolve()
#10 /home/tigassefred/Bureau/sources/iaCargo/caisse/ia-caisse-backend/vendor/laravel/framework/src/Illuminate/Http/Resources/Json/JsonResource.php(245): Illuminate\\Http\\Resources\\Json\\ResourceResponse->toResponse()
#11 /home/tigassefred/Bureau/sources/iaCargo/caisse/ia-caisse-backend/vendor/laravel/framework/src/Illuminate/Http/Resources/Json/ResourceCollection.php(117): Illuminate\\Http\\Resources\\Json\\JsonResource->toResponse()
#12 /home/tigassefred/Bureau/sources/iaCargo/caisse/ia-caisse-backend/vendor/laravel/framework/src/Illuminate/Routing/Router.php(902): Illuminate\\Http\\Resources\\Json\\ResourceCollection->toResponse()
#13 /home/tigassefred/Bureau/sources/iaCargo/caisse/ia-caisse-backend/vendor/laravel/framework/src/Illuminate/Routing/Router.php(887): Illuminate\\Routing\\Router::toResponse()
#14 /home/tigassefred/Bureau/sources/iaCargo/caisse/ia-caisse-backend/vendor/laravel/framework/src/Illuminate/Routing/Router.php(807): Illuminate\\Routing\\Router->prepareResponse()
#15 /home/tigassefred/Bureau/sources/iaCargo/caisse/ia-caisse-backend/vendor/laravel/framework/src/Illuminate/Pipeline/Pipeline.php(144): Illuminate\\Routing\\Router->Illuminate\\Routing\\{closure}()
#16 /home/tigassefred/Bureau/sources/iaCargo/caisse/ia-caisse-backend/vendor/laravel/framework/src/Illuminate/Routing/Middleware/SubstituteBindings.php(51): Illuminate\\Pipeline\\Pipeline->Illuminate\\Pipeline\\{closure}()
#17 /home/tigassefred/Bureau/sources/iaCargo/caisse/ia-caisse-backend/vendor/laravel/framework/src/Illuminate/Pipeline/Pipeline.php(183): Illuminate\\Routing\\Middleware\\SubstituteBindings->handle()
#18 /home/tigassefred/Bureau/sources/iaCargo/caisse/ia-caisse-backend/vendor/laravel/framework/src/Illuminate/Pipeline/Pipeline.php(119): Illuminate\\Pipeline\\Pipeline->Illuminate\\Pipeline\\{closure}()
#19 /home/tigassefred/Bureau/sources/iaCargo/caisse/ia-caisse-backend/vendor/laravel/framework/src/Illuminate/Routing/Router.php(807): Illuminate\\Pipeline\\Pipeline->then()
#20 /home/tigassefred/Bureau/sources/iaCargo/caisse/ia-caisse-backend/vendor/laravel/framework/src/Illuminate/Routing/Router.php(786): Illuminate\\Routing\\Router->runRouteWithinStack()
#21 /home/tigassefred/Bureau/sources/iaCargo/caisse/ia-caisse-backend/vendor/laravel/framework/src/Illuminate/Routing/Router.php(750): Illuminate\\Routing\\Router->runRoute()
#22 /home/tigassefred/Bureau/sources/iaCargo/caisse/ia-caisse-backend/vendor/laravel/framework/src/Illuminate/Routing/Router.php(739): Illuminate\\Routing\\Router->dispatchToRoute()
#23 /home/tigassefred/Bureau/sources/iaCargo/caisse/ia-caisse-backend/vendor/laravel/framework/src/Illuminate/Foundation/Http/Kernel.php(201): Illuminate\\Routing\\Router->dispatch()
#24 /home/tigassefred/Bureau/sources/iaCargo/caisse/ia-caisse-backend/vendor/laravel/framework/src/Illuminate/Pipeline/Pipeline.php(144): Illuminate\\Foundation\\Http\\Kernel->Illuminate\\Foundation\\Http\\{closure}()
#25 /home/tigassefred/Bureau/sources/iaCargo/caisse/ia-caisse-backend/vendor/laravel/framework/src/Illuminate/Foundation/Http/Middleware/TransformsRequest.php(21): Illuminate\\Pipeline\\Pipeline->Illuminate\\Pipeline\\{closure}()
#26 /home/tigassefred/Bureau/sources/iaCargo/caisse/ia-caisse-backend/vendor/laravel/framework/src/Illuminate/Foundation/Http/Middleware/ConvertEmptyStringsToNull.php(31): Illuminate\\Foundation\\Http\\Middleware\\TransformsRequest->handle()
#27 /home/tigassefred/Bureau/sources/iaCargo/caisse/ia-caisse-backend/vendor/laravel/framework/src/Illuminate/Pipeline/Pipeline.php(183): Illuminate\\Foundation\\Http\\Middleware\\ConvertEmptyStringsToNull->handle()
#28 /home/tigassefred/Bureau/sources/iaCargo/caisse/ia-caisse-backend/vendor/laravel/framework/src/Illuminate/Foundation/Http/Middleware/TransformsRequest.php(21): Illuminate\\Pipeline\\Pipeline->Illuminate\\Pipeline\\{closure}()
#29 /home/tigassefred/Bureau/sources/iaCargo/caisse/ia-caisse-backend/vendor/laravel/framework/src/Illuminate/Foundation/Http/Middleware/TrimStrings.php(51): Illuminate\\Foundation\\Http\\Middleware\\TransformsRequest->handle()
#30 /home/tigassefred/Bureau/sources/iaCargo/caisse/ia-caisse-backend/vendor/laravel/framework/src/Illuminate/Pipeline/Pipeline.php(183): Illuminate\\Foundation\\Http\\Middleware\\TrimStrings->handle()
#31 /home/tigassefred/Bureau/sources/iaCargo/caisse/ia-caisse-backend/vendor/laravel/framework/src/Illuminate/Http/Middleware/ValidatePostSize.php(27): Illuminate\\Pipeline\\Pipeline->Illuminate\\Pipeline\\{closure}()
#32 /home/tigassefred/Bureau/sources/iaCargo/caisse/ia-caisse-backend/vendor/laravel/framework/src/Illuminate/Pipeline/Pipeline.php(183): Illuminate\\Http\\Middleware\\ValidatePostSize->handle()
#33 /home/tigassefred/Bureau/sources/iaCargo/caisse/ia-caisse-backend/vendor/laravel/framework/src/Illuminate/Foundation/Http/Middleware/PreventRequestsDuringMaintenance.php(110): Illuminate\\Pipeline\\Pipeline->Illuminate\\Pipeline\\{closure}()
#34 /home/tigassefred/Bureau/sources/iaCargo/caisse/ia-caisse-backend/vendor/laravel/framework/src/Illuminate/Pipeline/Pipeline.php(183): Illuminate\\Foundation\\Http\\Middleware\\PreventRequestsDuringMaintenance->handle()
#35 /home/tigassefred/Bureau/sources/iaCargo/caisse/ia-caisse-backend/vendor/laravel/framework/src/Illuminate/Http/Middleware/HandleCors.php(62): Illuminate\\Pipeline\\Pipeline->Illuminate\\Pipeline\\{closure}()
#36 /home/tigassefred/Bureau/sources/iaCargo/caisse/ia-caisse-backend/vendor/laravel/framework/src/Illuminate/Pipeline/Pipeline.php(183): Illuminate\\Http\\Middleware\\HandleCors->handle()
#37 /home/tigassefred/Bureau/sources/iaCargo/caisse/ia-caisse-backend/vendor/laravel/framework/src/Illuminate/Http/Middleware/TrustProxies.php(58): Illuminate\\Pipeline\\Pipeline->Illuminate\\Pipeline\\{closure}()
#38 /home/tigassefred/Bureau/sources/iaCargo/caisse/ia-caisse-backend/vendor/laravel/framework/src/Illuminate/Pipeline/Pipeline.php(183): Illuminate\\Http\\Middleware\\TrustProxies->handle()
#39 /home/tigassefred/Bureau/sources/iaCargo/caisse/ia-caisse-backend/vendor/laravel/framework/src/Illuminate/Foundation/Http/Middleware/InvokeDeferredCallbacks.php(22): Illuminate\\Pipeline\\Pipeline->Illuminate\\Pipeline\\{closure}()
#40 /home/tigassefred/Bureau/sources/iaCargo/caisse/ia-caisse-backend/vendor/laravel/framework/src/Illuminate/Pipeline/Pipeline.php(183): Illuminate\\Foundation\\Http\\Middleware\\InvokeDeferredCallbacks->handle()
#41 /home/tigassefred/Bureau/sources/iaCargo/caisse/ia-caisse-backend/vendor/laravel/framework/src/Illuminate/Pipeline/Pipeline.php(119): Illuminate\\Pipeline\\Pipeline->Illuminate\\Pipeline\\{closure}()
#42 /home/tigassefred/Bureau/sources/iaCargo/caisse/ia-caisse-backend/vendor/laravel/framework/src/Illuminate/Foundation/Http/Kernel.php(176): Illuminate\\Pipeline\\Pipeline->then()
#43 /home/tigassefred/Bureau/sources/iaCargo/caisse/ia-caisse-backend/vendor/laravel/framework/src/Illuminate/Foundation/Http/Kernel.php(145): Illuminate\\Foundation\\Http\\Kernel->sendRequestThroughRouter()
#44 /home/tigassefred/Bureau/sources/iaCargo/caisse/ia-caisse-backend/vendor/laravel/framework/src/Illuminate/Foundation/Application.php(1188): Illuminate\\Foundation\\Http\\Kernel->handle()
#45 /home/tigassefred/Bureau/sources/iaCargo/caisse/ia-caisse-backend/public/index.php(17): Illuminate\\Foundation\\Application->handleRequest()
#46 /home/tigassefred/Bureau/sources/iaCargo/caisse/ia-caisse-backend/vendor/laravel/framework/src/Illuminate/Foundation/resources/server.php(23): require_once('...')
#47 {main}
"} 
[2024-11-11 13:19:25] local.ERROR: Attempt to read property "commercial_id" on null {"exception":"[object] (ErrorException(code: 0): Attempt to read property \"commercial_id\" on null at /home/tigassefred/Bureau/sources/iaCargo/caisse/ia-caisse-backend/app/Http/Resources/PayementResource.php:24)
[stacktrace]
#0 /home/tigassefred/Bureau/sources/iaCargo/caisse/ia-caisse-backend/vendor/laravel/framework/src/Illuminate/Foundation/Bootstrap/HandleExceptions.php(256): Illuminate\\Foundation\\Bootstrap\\HandleExceptions->handleError()
#1 /home/tigassefred/Bureau/sources/iaCargo/caisse/ia-caisse-backend/app/Http/Resources/PayementResource.php(24): Illuminate\\Foundation\\Bootstrap\\HandleExceptions->Illuminate\\Foundation\\Bootstrap\\{closure}()
#2 /home/tigassefred/Bureau/sources/iaCargo/caisse/ia-caisse-backend/vendor/laravel/framework/src/Illuminate/Collections/HigherOrderCollectionProxy.php(65): App\\Http\\Resources\\PayementResource->toArray()
#3 [internal function]: Illuminate\\Support\\HigherOrderCollectionProxy->Illuminate\\Support\\{closure}()
#4 /home/tigassefred/Bureau/sources/iaCargo/caisse/ia-caisse-backend/vendor/laravel/framework/src/Illuminate/Collections/Arr.php(605): array_map()
#5 /home/tigassefred/Bureau/sources/iaCargo/caisse/ia-caisse-backend/vendor/laravel/framework/src/Illuminate/Collections/Collection.php(791): Illuminate\\Support\\Arr::map()
#6 /home/tigassefred/Bureau/sources/iaCargo/caisse/ia-caisse-backend/vendor/laravel/framework/src/Illuminate/Collections/HigherOrderCollectionProxy.php(64): Illuminate\\Support\\Collection->map()
#7 /home/tigassefred/Bureau/sources/iaCargo/caisse/ia-caisse-backend/vendor/laravel/framework/src/Illuminate/Http/Resources/Json/ResourceCollection.php(102): Illuminate\\Support\\HigherOrderCollectionProxy->__call()
#8 /home/tigassefred/Bureau/sources/iaCargo/caisse/ia-caisse-backend/vendor/laravel/framework/src/Illuminate/Http/Resources/Json/JsonResource.php(108): Illuminate\\Http\\Resources\\Json\\ResourceCollection->toArray()
#9 /home/tigassefred/Bureau/sources/iaCargo/caisse/ia-caisse-backend/vendor/laravel/framework/src/Illuminate/Http/Resources/Json/ResourceResponse.php(39): Illuminate\\Http\\Resources\\Json\\JsonResource->resolve()
#10 /home/tigassefred/Bureau/sources/iaCargo/caisse/ia-caisse-backend/vendor/laravel/framework/src/Illuminate/Http/Resources/Json/JsonResource.php(245): Illuminate\\Http\\Resources\\Json\\ResourceResponse->toResponse()
#11 /home/tigassefred/Bureau/sources/iaCargo/caisse/ia-caisse-backend/vendor/laravel/framework/src/Illuminate/Http/Resources/Json/ResourceCollection.php(117): Illuminate\\Http\\Resources\\Json\\JsonResource->toResponse()
#12 /home/tigassefred/Bureau/sources/iaCargo/caisse/ia-caisse-backend/vendor/laravel/framework/src/Illuminate/Routing/Router.php(902): Illuminate\\Http\\Resources\\Json\\ResourceCollection->toResponse()
#13 /home/tigassefred/Bureau/sources/iaCargo/caisse/ia-caisse-backend/vendor/laravel/framework/src/Illuminate/Routing/Router.php(887): Illuminate\\Routing\\Router::toResponse()
#14 /home/tigassefred/Bureau/sources/iaCargo/caisse/ia-caisse-backend/vendor/laravel/framework/src/Illuminate/Routing/Router.php(807): Illuminate\\Routing\\Router->prepareResponse()
#15 /home/tigassefred/Bureau/sources/iaCargo/caisse/ia-caisse-backend/vendor/laravel/framework/src/Illuminate/Pipeline/Pipeline.php(144): Illuminate\\Routing\\Router->Illuminate\\Routing\\{closure}()
#16 /home/tigassefred/Bureau/sources/iaCargo/caisse/ia-caisse-backend/vendor/laravel/framework/src/Illuminate/Routing/Middleware/SubstituteBindings.php(51): Illuminate\\Pipeline\\Pipeline->Illuminate\\Pipeline\\{closure}()
#17 /home/tigassefred/Bureau/sources/iaCargo/caisse/ia-caisse-backend/vendor/laravel/framework/src/Illuminate/Pipeline/Pipeline.php(183): Illuminate\\Routing\\Middleware\\SubstituteBindings->handle()
#18 /home/tigassefred/Bureau/sources/iaCargo/caisse/ia-caisse-backend/vendor/laravel/framework/src/Illuminate/Pipeline/Pipeline.php(119): Illuminate\\Pipeline\\Pipeline->Illuminate\\Pipeline\\{closure}()
#19 /home/tigassefred/Bureau/sources/iaCargo/caisse/ia-caisse-backend/vendor/laravel/framework/src/Illuminate/Routing/Router.php(807): Illuminate\\Pipeline\\Pipeline->then()
#20 /home/tigassefred/Bureau/sources/iaCargo/caisse/ia-caisse-backend/vendor/laravel/framework/src/Illuminate/Routing/Router.php(786): Illuminate\\Routing\\Router->runRouteWithinStack()
#21 /home/tigassefred/Bureau/sources/iaCargo/caisse/ia-caisse-backend/vendor/laravel/framework/src/Illuminate/Routing/Router.php(750): Illuminate\\Routing\\Router->runRoute()
#22 /home/tigassefred/Bureau/sources/iaCargo/caisse/ia-caisse-backend/vendor/laravel/framework/src/Illuminate/Routing/Router.php(739): Illuminate\\Routing\\Router->dispatchToRoute()
#23 /home/tigassefred/Bureau/sources/iaCargo/caisse/ia-caisse-backend/vendor/laravel/framework/src/Illuminate/Foundation/Http/Kernel.php(201): Illuminate\\Routing\\Router->dispatch()
#24 /home/tigassefred/Bureau/sources/iaCargo/caisse/ia-caisse-backend/vendor/laravel/framework/src/Illuminate/Pipeline/Pipeline.php(144): Illuminate\\Foundation\\Http\\Kernel->Illuminate\\Foundation\\Http\\{closure}()
#25 /home/tigassefred/Bureau/sources/iaCargo/caisse/ia-caisse-backend/vendor/laravel/framework/src/Illuminate/Foundation/Http/Middleware/TransformsRequest.php(21): Illuminate\\Pipeline\\Pipeline->Illuminate\\Pipeline\\{closure}()
#26 /home/tigassefred/Bureau/sources/iaCargo/caisse/ia-caisse-backend/vendor/laravel/framework/src/Illuminate/Foundation/Http/Middleware/ConvertEmptyStringsToNull.php(31): Illuminate\\Foundation\\Http\\Middleware\\TransformsRequest->handle()
#27 /home/tigassefred/Bureau/sources/iaCargo/caisse/ia-caisse-backend/vendor/laravel/framework/src/Illuminate/Pipeline/Pipeline.php(183): Illuminate\\Foundation\\Http\\Middleware\\ConvertEmptyStringsToNull->handle()
#28 /home/tigassefred/Bureau/sources/iaCargo/caisse/ia-caisse-backend/vendor/laravel/framework/src/Illuminate/Foundation/Http/Middleware/TransformsRequest.php(21): Illuminate\\Pipeline\\Pipeline->Illuminate\\Pipeline\\{closure}()
#29 /home/tigassefred/Bureau/sources/iaCargo/caisse/ia-caisse-backend/vendor/laravel/framework/src/Illuminate/Foundation/Http/Middleware/TrimStrings.php(51): Illuminate\\Foundation\\Http\\Middleware\\TransformsRequest->handle()
#30 /home/tigassefred/Bureau/sources/iaCargo/caisse/ia-caisse-backend/vendor/laravel/framework/src/Illuminate/Pipeline/Pipeline.php(183): Illuminate\\Foundation\\Http\\Middleware\\TrimStrings->handle()
#31 /home/tigassefred/Bureau/sources/iaCargo/caisse/ia-caisse-backend/vendor/laravel/framework/src/Illuminate/Http/Middleware/ValidatePostSize.php(27): Illuminate\\Pipeline\\Pipeline->Illuminate\\Pipeline\\{closure}()
#32 /home/tigassefred/Bureau/sources/iaCargo/caisse/ia-caisse-backend/vendor/laravel/framework/src/Illuminate/Pipeline/Pipeline.php(183): Illuminate\\Http\\Middleware\\ValidatePostSize->handle()
#33 /home/tigassefred/Bureau/sources/iaCargo/caisse/ia-caisse-backend/vendor/laravel/framework/src/Illuminate/Foundation/Http/Middleware/PreventRequestsDuringMaintenance.php(110): Illuminate\\Pipeline\\Pipeline->Illuminate\\Pipeline\\{closure}()
#34 /home/tigassefred/Bureau/sources/iaCargo/caisse/ia-caisse-backend/vendor/laravel/framework/src/Illuminate/Pipeline/Pipeline.php(183): Illuminate\\Foundation\\Http\\Middleware\\PreventRequestsDuringMaintenance->handle()
#35 /home/tigassefred/Bureau/sources/iaCargo/caisse/ia-caisse-backend/vendor/laravel/framework/src/Illuminate/Http/Middleware/HandleCors.php(62): Illuminate\\Pipeline\\Pipeline->Illuminate\\Pipeline\\{closure}()
#36 /home/tigassefred/Bureau/sources/iaCargo/caisse/ia-caisse-backend/vendor/laravel/framework/src/Illuminate/Pipeline/Pipeline.php(183): Illuminate\\Http\\Middleware\\HandleCors->handle()
#37 /home/tigassefred/Bureau/sources/iaCargo/caisse/ia-caisse-backend/vendor/laravel/framework/src/Illuminate/Http/Middleware/TrustProxies.php(58): Illuminate\\Pipeline\\Pipeline->Illuminate\\Pipeline\\{closure}()
#38 /home/tigassefred/Bureau/sources/iaCargo/caisse/ia-caisse-backend/vendor/laravel/framework/src/Illuminate/Pipeline/Pipeline.php(183): Illuminate\\Http\\Middleware\\TrustProxies->handle()
#39 /home/tigassefred/Bureau/sources/iaCargo/caisse/ia-caisse-backend/vendor/laravel/framework/src/Illuminate/Foundation/Http/Middleware/InvokeDeferredCallbacks.php(22): Illuminate\\Pipeline\\Pipeline->Illuminate\\Pipeline\\{closure}()
#40 /home/tigassefred/Bureau/sources/iaCargo/caisse/ia-caisse-backend/vendor/laravel/framework/src/Illuminate/Pipeline/Pipeline.php(183): Illuminate\\Foundation\\Http\\Middleware\\InvokeDeferredCallbacks->handle()
#41 /home/tigassefred/Bureau/sources/iaCargo/caisse/ia-caisse-backend/vendor/laravel/framework/src/Illuminate/Pipeline/Pipeline.php(119): Illuminate\\Pipeline\\Pipeline->Illuminate\\Pipeline\\{closure}()
#42 /home/tigassefred/Bureau/sources/iaCargo/caisse/ia-caisse-backend/vendor/laravel/framework/src/Illuminate/Foundation/Http/Kernel.php(176): Illuminate\\Pipeline\\Pipeline->then()
#43 /home/tigassefred/Bureau/sources/iaCargo/caisse/ia-caisse-backend/vendor/laravel/framework/src/Illuminate/Foundation/Http/Kernel.php(145): Illuminate\\Foundation\\Http\\Kernel->sendRequestThroughRouter()
#44 /home/tigassefred/Bureau/sources/iaCargo/caisse/ia-caisse-backend/vendor/laravel/framework/src/Illuminate/Foundation/Application.php(1188): Illuminate\\Foundation\\Http\\Kernel->handle()
#45 /home/tigassefred/Bureau/sources/iaCargo/caisse/ia-caisse-backend/public/index.php(17): Illuminate\\Foundation\\Application->handleRequest()
#46 /home/tigassefred/Bureau/sources/iaCargo/caisse/ia-caisse-backend/vendor/laravel/framework/src/Illuminate/Foundation/resources/server.php(23): require_once('...')
#47 {main}
"} 
